<?xml version="1.0" encoding="utf-8"?><testsuites name="pytest tests"><testsuite name="pytest" errors="0" failures="0" skipped="0" tests="43" time="47.033" timestamp="2026-07-01T20:06:13.979276+00:00" hostname="agent-env-07e7a341-a91d-4a74-a34e-2f86d2e35db8"><testcase classname="tests.backend_test.TestAuth" name="test_login_owner_returns_token_user" time="0.396" /><testcase classname="tests.backend_test.TestAuth" name="test_login_invalid" time="0.407" /><testcase classname="tests.backend_test.TestAuth" name="test_me_with_token" time="0.536" /><testcase classname="tests.backend_test.TestAuth" name="test_me_no_token" time="0.134" /><testcase classname="tests.backend_test.TestAuth" name="test_register_new_company" time="0.566" /><testcase classname="tests.backend_test.TestDashboard" name="test_dashboard_shape" time="0.146" /><testcase classname="tests.backend_test.TestDashboard" name="test_dashboard_tenant_isolation" time="0.500" /><testcase classname="tests.backend_test.TestVoiceNoteAI" name="test_text_directive_flow" time="9.112" /><testcase classname="tests.backend_test.TestDecisionApproval" name="test_reject_by_sales_forbidden" time="0.694" /><testcase classname="tests.backend_test.TestDecisionApproval" name="test_approve_by_owner_unblocks_tasks" time="0.189" /><testcase classname="tests.backend_test.TestDecisionApproval" name="test_reject_flow" time="9.067" /><testcase classname="tests.backend_test.TestTasks" name="test_list_tasks" time="0.178" /><testcase classname="tests.backend_test.TestTasks" name="test_mine_filter_sales" time="0.181" /><testcase classname="tests.backend_test.TestTasks" name="test_create_and_progress_task" time="0.488" /><testcase classname="tests.backend_test.TestWorkflows" name="test_list_sales_dispatch" time="0.136" /><testcase classname="tests.backend_test.TestWorkflows" name="test_list_purchase_payment" time="0.496" /><testcase classname="tests.backend_test.TestWorkflows" name="test_create_workflow" time="0.147" /><testcase classname="tests.backend_test.TestWorkflows" name="test_advance_workflow" time="0.284" /><testcase classname="tests.backend_test.TestWorkflows" name="test_purchase_approve_gate_production_forbidden" time="1.006" /><testcase classname="tests.backend_test.TestWorkflows" name="test_finance_cannot_approve_purchase" time="0.632" /><testcase classname="tests.backend_test.TestBrainSearch" name="test_search_matches_seeded" time="0.160" /><testcase classname="tests.backend_test.TestAskAI" name="test_ask_returns_answer" time="5.928" /><testcase classname="tests.backend_test.TestDigest" name="test_owner_mocked" time="0.222" /><testcase classname="tests.backend_test.TestDigest" name="test_non_owner_forbidden" time="0.140" /><testcase classname="tests.backend_test.TestEnrichmentShape" name="test_decisions_list_enriched" time="0.163" /><testcase classname="tests.backend_test.TestEnrichmentShape" name="test_tasks_list_assignee_name" time="0.159" /><testcase classname="tests.backend_test.TestEnrichmentShape" name="test_dashboard_enrichment" time="0.153" /><testcase classname="tests.backend_test.TestEnrichmentShape" name="test_brain_search_enrichment" time="0.146" /><testcase classname="tests.backend_test.TestVoiceNoteOwnerGate" name="test_text_directive_sales_forbidden" time="0.150" /><testcase classname="tests.backend_test.TestVoiceNoteOwnerGate" name="test_text_directive_production_forbidden" time="0.131" /><testcase classname="tests.backend_test.TestVoiceNoteOwnerGate" name="test_text_directive_finance_forbidden" time="0.138" /><testcase classname="tests.backend_test.TestVoiceNoteOwnerGate" name="test_voice_note_audio_sales_forbidden" time="0.135" /><testcase classname="tests.backend_test.TestWorkflowNextStageGuard" name="test_skip_stage_rejected" time="0.340" /><testcase classname="tests.backend_test.TestWorkflowNextStageGuard" name="test_next_stage_ok" time="0.445" /><testcase classname="tests.backend_test.TestWorkflowNextStageGuard" name="test_backward_stage_rejected" time="0.436" /><testcase classname="tests.backend_test.TestTeam" name="test_list_users" time="0.138" /><testcase classname="tests.backend_test.TestTeam" name="test_add_user_owner" time="0.359" /><testcase classname="tests.backend_test.TestTeam" name="test_add_user_non_owner_forbidden" time="0.142" /><testcase classname="tests.test_onboarding.TestOnboardingSuggest" name="test_public_no_auth_needed" time="4.764" /><testcase classname="tests.test_onboarding.TestOnboardingSuggest" name="test_tech_saas_returns_relevant_roles" time="5.167" /><testcase classname="tests.test_onboarding.TestRegisterOnboarding" name="test_register_with_custom_roles" time="1.354" /><testcase classname="tests.test_onboarding.TestRegisterOnboarding" name="test_register_owner_role_stripped" time="0.361" /><testcase classname="tests.test_onboarding.TestSharmaRegression" name="test_me_returns_industry_and_roles" time="0.518" /></testsuite></testsuites>