<?xml version="1.0" encoding="utf-8"?><testsuites name="pytest tests"><testsuite name="pytest" errors="0" failures="0" skipped="0" tests="15" time="21.475" timestamp="2026-07-08T11:06:18.022403+00:00" hostname="agent-env-07e7a341-a91d-4a74-a34e-2f86d2e35db8"><testcase classname="tests.test_iteration24.TestAuthSmoke" name="test_login_owner" time="0.465" /><testcase classname="tests.test_iteration24.TestAuthSmoke" name="test_login_bad_password" time="0.318" /><testcase classname="tests.test_iteration24.TestCoreEndpoints" name="test_list_tasks" time="0.510" /><testcase classname="tests.test_iteration24.TestCoreEndpoints" name="test_list_decisions" time="0.117" /><testcase classname="tests.test_iteration24.TestCoreEndpoints" name="test_work_coach_get" time="0.423" /><testcase classname="tests.test_iteration24.TestCoreEndpoints" name="test_operating_score" time="0.112" /><testcase classname="tests.test_iteration24.TestCoreEndpoints" name="test_calendar" time="0.106" /><testcase classname="tests.test_iteration24.TestCoreEndpoints" name="test_journal" time="0.135" /><testcase classname="tests.test_iteration24.TestAskAiRegression" name="test_ask_ai_success_or_502" time="5.212" /><testcase classname="tests.test_iteration24.TestAskAiRegression" name="test_ask_ai_requires_auth" time="0.124" /><testcase classname="tests.test_iteration24.TestAskAiRegression" name="test_ask_ai_multiple_sequential" time="9.072" /><testcase classname="tests.test_iteration24.TestTaskLifecycleRegression" name="test_post_note_update" time="0.207" /><testcase classname="tests.test_iteration24.TestTaskLifecycleRegression" name="test_generate_execution_plan" time="4.144" /><testcase classname="tests.test_iteration24.TestTaskLifecycleRegression" name="test_patch_execution_plan" time="0.362" /><testcase classname="tests.test_iteration24.TestWhatsappImportClean" name="test_whatsapp_endpoint_reachable" time="0.099" /></testsuite></testsuites>