<?xml version="1.0" encoding="utf-8"?><testsuites name="pytest tests"><testsuite name="pytest" errors="0" failures="0" skipped="0" tests="9" time="38.301" timestamp="2026-07-30T17:55:02.718551+00:00" hostname="agent-env-07e7a341-a91d-4a74-a34e-2f86d2e35db8"><testcase classname="tests.test_iteration74_signup" name="test_check_email_taken_for_demo_owner" time="1.396" /><testcase classname="tests.test_iteration74_signup" name="test_check_email_available_for_random" time="0.103" /><testcase classname="tests.test_iteration74_signup" name="test_website_intel_stripe_real_fetch" time="5.705" /><testcase classname="tests.test_iteration74_signup" name="test_website_intel_garbage_url" time="0.155" /><testcase classname="tests.test_iteration74_signup" name="test_interview_full_loop_and_adaptive" time="9.970" /><testcase classname="tests.test_iteration74_signup" name="test_interview_blueprint_personalized" time="14.818" /><testcase classname="tests.test_iteration74_signup" name="test_tts_returns_playable_audio" time="2.102" /><testcase classname="tests.test_iteration74_signup" name="test_stt_accepts_wav_or_returns_clean_503" time="2.234" /><testcase classname="tests.test_iteration74_signup" name="test_auth_login_still_works" time="1.442" /></testsuite></testsuites>