<?xml version="1.0" encoding="utf-8"?><testsuites name="pytest tests"><testsuite name="pytest" errors="0" failures="0" skipped="0" tests="7" time="67.281" timestamp="2026-07-30T18:17:27.856790+00:00" hostname="agent-env-07e7a341-a91d-4a74-a34e-2f86d2e35db8"><testcase classname="tests.test_iteration75_lang.TestTTSLanguage" name="test_tts_english" time="3.016" /><testcase classname="tests.test_iteration75_lang.TestTTSLanguage" name="test_tts_hindi" time="2.254" /><testcase classname="tests.test_iteration75_lang.TestTTSLanguage" name="test_tts_unknown_language_defaults_to_english" time="1.494" /><testcase classname="tests.test_iteration75_lang.TestSTTShape" name="test_stt_returns_text_and_language_code" time="2.657" /><testcase classname="tests.test_iteration75_lang.TestInterviewLanguage" name="test_answer_persists_language_on_session" time="25.070" /><testcase classname="tests.test_iteration75_lang.TestInterviewLanguage" name="test_blueprint_hindi_welcome_line_but_english_structure" time="21.074" /><testcase classname="tests.test_iteration75_lang.TestInterviewLanguage" name="test_blueprint_english_welcome_line_stays_ascii" time="20.769" /></testsuite></testsuites>