<?xml version="1.0" encoding="utf-8"?><testsuites name="pytest tests"><testsuite name="pytest" errors="0" failures="0" skipped="0" tests="9" time="3.352" timestamp="2026-07-02T20:41:31.455395+00:00" hostname="agent-env-07e7a341-a91d-4a74-a34e-2f86d2e35db8"><testcase classname="tests.test_iteration13.TestRegisterNewFields" name="test_register_persists_gst_branches_scale_software" time="0.572" /><testcase classname="tests.test_iteration13.TestRegisterNewFields" name="test_register_optional_fields_default_empty" time="0.326" /><testcase classname="tests.test_iteration13.TestRegisterNewFields" name="test_register_duplicate_email_400" time="0.425" /><testcase classname="tests.test_iteration13.TestInvites" name="test_owner_post_invites_dedup" time="0.448" /><testcase classname="tests.test_iteration13.TestInvites" name="test_get_invites_returns_list" time="0.106" /><testcase classname="tests.test_iteration13.TestInvites" name="test_non_owner_post_invites_forbidden" time="0.423" /><testcase classname="tests.test_iteration13.TestInvites" name="test_get_invites_non_owner_ok_or_empty" time="0.102" /><testcase classname="tests.test_iteration13.TestInvites" name="test_invites_scoped_per_tenant" time="0.649" /><testcase classname="tests.test_iteration13.TestInvites" name="test_no_auth_forbidden" time="0.218" /></testsuite></testsuites>