<?xml version="1.0" encoding="utf-8"?><testsuites name="pytest tests"><testsuite name="pytest" errors="0" failures="0" skipped="0" tests="9" time="9.158" timestamp="2026-07-21T17:24:13.662287+00:00" hostname="agent-env-07e7a341-a91d-4a74-a34e-2f86d2e35db8"><testcase classname="tests.test_iteration58_lexicon.TestPatchLexicon" name="test_owner_can_patch_and_persists" time="1.238" /><testcase classname="tests.test_iteration58_lexicon.TestAuthMeLexicon" name="test_me_returns_lexicon_shape" time="0.919" /><testcase classname="tests.test_iteration58_lexicon.TestAuthMeLexicon" name="test_me_lexicon_reflects_industry" time="0.145" /><testcase classname="tests.test_iteration58_lexicon.TestRegenerateLexicon" name="test_owner_regenerate_returns_lexicon" time="3.895" /><testcase classname="tests.test_iteration58_lexicon.TestPatchLexicon" name="test_sales_patch_lexicon_forbidden" time="0.459" /><testcase classname="tests.test_iteration58_lexicon.TestPatchLexicon" name="test_normalize_preserves_defaults_on_partial_input" time="0.372" /><testcase classname="tests.test_iteration58_lexicon" name="test_zzz_cleanup_testit58" time="0.108" /><testcase classname="tests.test_iteration58_lexicon.TestRegenerateLexicon" name="test_sales_regenerate_forbidden" time="0.477" /><testcase classname="tests.test_iteration58_lexicon.TestRegisterTailoredLexicon" name="test_register_coaching_institute_gets_student_vocab" time="3.353" /></testsuite></testsuites>