<?xml version="1.0" encoding="utf-8"?><testsuites name="pytest tests"><testsuite name="pytest" errors="0" failures="0" skipped="0" tests="11" time="14.528" timestamp="2026-07-03T11:17:53.290329+00:00" hostname="agent-env-07e7a341-a91d-4a74-a34e-2f86d2e35db8"><testcase classname="tests.test_iteration15.TestBrainSearchMultiWord" name="test_kumar_garments_payment_owner" time="0.584" /><testcase classname="tests.test_iteration15.TestBrainSearchMultiWord" name="test_kumar_garments_payment_sales" time="0.456" /><testcase classname="tests.test_iteration15.TestBrainSearchMultiWord" name="test_cotton_supplier" time="0.116" /><testcase classname="tests.test_iteration15.TestBrainSearchMultiWord" name="test_who_owes_money" time="0.114" /><testcase classname="tests.test_iteration15.TestBrainSearchSingleWord" name="test_payment_single_word" time="0.103" /><testcase classname="tests.test_iteration15.TestBrainSearchEmpty" name="test_empty_q" time="0.188" /><testcase classname="tests.test_iteration15.TestBrainSearchSpecialChars" name="test_parentheses" time="0.123" /><testcase classname="tests.test_iteration15.TestBrainSearchSpecialChars" name="test_plus_sign" time="0.101" /><testcase classname="tests.test_iteration15.TestBrainSearchSpecialChars" name="test_only_special_chars" time="0.116" /><testcase classname="tests.test_iteration15.TestBrainSearchSpecialChars" name="test_short_tokens_filtered" time="0.122" /><testcase classname="tests.test_iteration15.TestAskAIRegression" name="test_ask_owner_returns_answer" time="12.417" /></testsuite></testsuites>