<?xml version="1.0" encoding="utf-8"?><testsuites name="pytest tests"><testsuite name="pytest" errors="0" failures="0" skipped="0" tests="16" time="37.091" timestamp="2026-07-21T04:09:22.181763+00:00" hostname="agent-env-07e7a341-a91d-4a74-a34e-2f86d2e35db8"><testcase classname="tests.test_iteration55_ledger.TestRBAC" name="test_owner_can_access" time="12.225" /><testcase classname="tests.test_iteration55_ledger.TestExpensesCRUD" name="test_list_expenses_shape" time="30.663" /><testcase classname="tests.test_iteration55_ledger.TestExpensesCRUD" name="test_create_read_update_delete_expense" time="0.680" /><testcase classname="tests.test_iteration55_ledger.TestAssetsCRUD" name="test_list_assets" time="0.103" /><testcase classname="tests.test_iteration55_ledger.TestAssetsCRUD" name="test_asset_full_cycle" time="0.323" /><testcase classname="tests.test_iteration55_ledger.TestLedgerSummary" name="test_summary_shape" time="0.140" /><testcase classname="tests.test_iteration55_ledger.TestLedgerSummary" name="test_summary_reflects_new_expense" time="0.529" /><testcase classname="tests.test_iteration55_ledger.TestRBAC" name="test_finance_can_access" time="20.304" /><testcase classname="tests.test_iteration55_ledger.TestBrainSync" name="test_manual_expense_written_to_brain" time="0.743" /><testcase classname="tests.test_iteration55_ledger.TestRBAC" name="test_sales_denied" time="0.811" /><testcase classname="tests.test_iteration55_ledger.TestBrainSync" name="test_manual_asset_and_inventory_in_brain_search" time="0.939" /><testcase classname="tests.test_iteration55_ledger.TestSuggestCategory" name="test_suggest_ai_or_heuristic" time="1.450" /><testcase classname="tests.test_iteration55_ledger.TestInventoryCRUD" name="test_inventory_value_computed" time="0.364" /><testcase classname="tests.test_iteration55_ledger.TestAssetPurchaseAutoCreate" name="test_asset_purchase_creates_asset" time="1.595" /><testcase classname="tests.test_iteration55_ledger.TestSuggestCategory" name="test_suggest_never_500" time="0.095" /><testcase classname="tests.test_iteration55_ledger.TestIngestRegression" name="test_commit_ingestion_creates_records_and_rolls_up" time="1.879" /></testsuite></testsuites>