<?xml version="1.0" encoding="utf-8"?><testsuites name="pytest tests"><testsuite name="pytest" errors="0" failures="0" skipped="0" tests="23" time="9.687" timestamp="2026-07-02T19:36:04.255288+00:00" hostname="agent-env-07e7a341-a91d-4a74-a34e-2f86d2e35db8"><testcase classname="tests.test_iteration10.TestCEOBrief" name="test_brief_periods[morning]" time="0.738" /><testcase classname="tests.test_iteration10.TestCEOBrief" name="test_brief_periods[evening]" time="0.235" /><testcase classname="tests.test_iteration10.TestComplaints" name="test_owner_can_log" time="1.125" /><testcase classname="tests.test_iteration10.TestCEOBrief" name="test_brief_periods[weekly]" time="0.155" /><testcase classname="tests.test_iteration10.TestCEOBrief" name="test_brief_periods[monthly]" time="0.397" /><testcase classname="tests.test_iteration10.TestComplaints" name="test_sales_can_log" time="0.487" /><testcase classname="tests.test_iteration10.TestCEOBrief" name="test_brief_no_auth" time="0.103" /><testcase classname="tests.test_iteration10.TestNotifications" name="test_followup_run_endpoint" time="0.322" /><testcase classname="tests.test_iteration10.TestNotifications" name="test_get_notifications_shape" time="0.106" /><testcase classname="tests.test_iteration10.TestComplaints" name="test_finance_forbidden" time="0.491" /><testcase classname="tests.test_iteration10.TestNotifications" name="test_notifications_from_overdue_task" time="1.094" /><testcase classname="tests.test_iteration10.TestComplaints" name="test_production_forbidden" time="0.636" /><testcase classname="tests.test_iteration10.TestComplaints" name="test_resolve_owner" time="0.272" /><testcase classname="tests.test_iteration10.TestComplaints" name="test_brief_reflects_complaints" time="0.223" /><testcase classname="tests.test_iteration10.TestNotifications" name="test_mark_one_read" time="0.364" /><testcase classname="tests.test_iteration10.TestAttendance" name="test_owner_marks_absent" time="0.583" /><testcase classname="tests.test_iteration10.TestNotifications" name="test_mark_all_read" time="0.246" /><testcase classname="tests.test_iteration10.TestDealerContacts" name="test_create_dealer" time="0.201" /><testcase classname="tests.test_iteration10.TestAttendance" name="test_sales_forbidden_mark" time="0.209" /><testcase classname="tests.test_iteration10.TestDealerContacts" name="test_invalid_type_rejected" time="0.103" /><testcase classname="tests.test_iteration10.TestAttendance" name="test_finance_forbidden_mark" time="0.210" /><testcase classname="tests.test_iteration10.TestTaskAttachment" name="test_upload_and_serve" time="0.683" /><testcase classname="tests.test_iteration10.TestVoiceShortcuts" name="test_reminder_and_memory_from_text" time="4.882" /></testsuite></testsuites>