<?xml version="1.0" encoding="utf-8"?><testsuites name="pytest tests"><testsuite name="pytest" errors="0" failures="0" skipped="0" tests="8" time="38.834" timestamp="2026-07-08T06:41:08.131660+00:00" hostname="agent-env-07e7a341-a91d-4a74-a34e-2f86d2e35db8"><testcase classname="tests.test_iteration17.TestSanity" name="test_login_and_members_exist" time="0.416" /><testcase classname="tests.test_iteration17.TestNamedAssignment" name="test_named_person_and_role_fallback" time="9.515" /><testcase classname="tests.test_iteration17.TestNamedAssignment" name="test_no_name_role_only" time="4.802" /><testcase classname="tests.test_iteration17.TestNamedAssignment" name="test_first_name_only_resolves" time="3.270" /><testcase classname="tests.test_iteration17.TestNamedAssignment" name="test_unknown_name_does_not_crash" time="7.886" /><testcase classname="tests.test_iteration17.TestPipelineRegression" name="test_reminder_and_memory_extraction" time="6.336" /><testcase classname="tests.test_iteration17.TestPipelineRegression" name="test_tanglish_still_produces_english" time="6.352" /><testcase classname="tests.test_iteration17.TestManualAllocationRegression" name="test_create_task_with_assignee_and_reassign" time="0.173" /></testsuite></testsuites>