<?xml version="1.0" encoding="utf-8"?><testsuites name="pytest tests"><testsuite name="pytest" errors="0" failures="0" skipped="0" tests="4" time="17.242" timestamp="2026-07-09T03:41:15.806990+00:00" hostname="agent-env-07e7a341-a91d-4a74-a34e-2f86d2e35db8"><testcase classname="tests.test_iteration32.TestWorkflowMaterialization" name="test_1_login_returns_jwt" time="0.499" /><testcase classname="tests.test_iteration32.TestWorkflowMaterialization" name="test_2_toyota_spindles_creates_two_workflow_cards" time="9.291" /><testcase classname="tests.test_iteration32.TestWorkflowMaterialization" name="test_3_policy_directive_does_not_materialize" time="7.204" /><testcase classname="tests.test_iteration32.TestWorkflowMaterialization" name="test_4_execution_summary_shape_regression" time="0.171" /></testsuite></testsuites>