<?xml version="1.0" encoding="utf-8"?><testsuites name="pytest tests"><testsuite name="pytest" errors="0" failures="0" skipped="0" tests="4" time="87.873" timestamp="2026-08-01T05:52:59.752440+00:00" hostname="agent-env-07e7a341-a91d-4a74-a34e-2f86d2e35db8"><testcase classname="tests.test_iteration78_dynamic_interview.TestBlueprintAndRefine" name="test_1_blueprint_returns_all_required_keys" time="51.722" /><testcase classname="tests.test_iteration78_dynamic_interview.TestBlueprintAndRefine" name="test_2_refine_adds_workflow_and_persists" time="35.694" /><testcase classname="tests.test_iteration78_dynamic_interview.TestBlueprintAndRefine" name="test_3_refine_empty_returns_400" time="0.044" /><testcase classname="tests.test_iteration78_dynamic_interview.TestBlueprintAndRefine" name="test_4_refine_bad_session_returns_404" time="0.046" /></testsuite></testsuites>