<?xml version="1.0" encoding="utf-8"?><testsuites name="pytest tests"><testsuite name="pytest" errors="4" failures="1" skipped="0" tests="58" time="96.814" timestamp="2026-07-02T19:04:05.164956+00:00" hostname="agent-env-07e7a341-a91d-4a74-a34e-2f86d2e35db8"><testcase classname="tests.test_iteration7.TestContactsRoleGates" name="test_create_owner_ok" time="0.924" /><testcase classname="tests.backend_test.TestWorkflows" name="test_list_sales_dispatch" time="0.716" /><testcase classname="tests.backend_test.TestWorkflows" name="test_list_purchase_payment" time="0.175" /><testcase classname="tests.backend_test.TestWorkflows" name="test_create_workflow" time="0.104" /><testcase classname="tests.backend_test.TestWorkflows" name="test_advance_workflow" time="0.381" /><testcase classname="tests.test_iteration7.TestContactsRoleGates" name="test_create_sales_ok" time="0.779" /><testcase classname="tests.backend_test.TestWorkflows" name="test_purchase_approve_gate_production_forbidden" time="1.084" /><testcase classname="tests.test_iteration7.TestContactsRoleGates" name="test_create_finance_forbidden" time="0.419" /><testcase classname="tests.test_iteration7.TestContactsRoleGates" name="test_create_production_forbidden" time="0.666" /><testcase classname="tests.backend_test.TestWorkflows" name="test_finance_cannot_approve_purchase" time="0.535" /><testcase classname="tests.test_iteration7.TestContactsRoleGates" name="test_update_owner_and_verify" time="0.581" /><testcase classname="tests.backend_test.TestAuth" name="test_login_owner_returns_token_user" time="0.371" /><testcase classname="tests.backend_test.TestAuth" name="test_login_invalid" time="0.333" /><testcase classname="tests.test_iteration7.TestContactsRoleGates" name="test_update_finance_forbidden" time="0.532" /><testcase classname="tests.backend_test.TestAuth" name="test_me_with_token" time="0.104" /><testcase classname="tests.backend_test.TestAuth" name="test_me_no_token" time="0.149" /><testcase classname="tests.test_iteration7.TestContactsRoleGates" name="test_delete_finance_forbidden" time="0.478" /><testcase classname="tests.backend_test.TestAuth" name="test_register_new_company" time="0.478" /><testcase classname="tests.test_iteration7.TestContactsRoleGates" name="test_delete_owner_removes" time="0.521" /><testcase classname="tests.test_iteration7.TestContactsSeed" name="test_demo_contacts_present" time="0.454" /><testcase classname="tests.test_iteration7.TestContactsSeed" name="test_filter_type_customer" time="0.106" /><testcase classname="tests.test_iteration7.TestContactsSeed" name="test_filter_type_vendor" time="0.254" /><testcase classname="tests.test_iteration7.TestContactsSeed" name="test_search_q_kapoor" time="0.128" /><testcase classname="tests.backend_test.TestEnrichmentShape" name="test_decisions_list_enriched" time="0.522" /><testcase classname="tests.backend_test.TestEnrichmentShape" name="test_tasks_list_assignee_name" time="0.300" /><testcase classname="tests.test_iteration7.TestContactsSeed" name="test_finance_can_read_contacts" time="2.526" /><testcase classname="tests.backend_test.TestEnrichmentShape" name="test_dashboard_enrichment" time="2.190" /><testcase classname="tests.backend_test.TestEnrichmentShape" name="test_brain_search_enrichment" time="20.022"><failure message="requests.exceptions.ConnectTimeout: HTTPSConnectionPool(host='founder-os-58.preview.emergentagent.com', port=443): Max retries exceeded with url: /api/brain/search?q=cotton (Caused by ConnectTimeoutError(&lt;HTTPSConnection(host='founder-os-58.preview.emergentagent.com', port=443) at 0xfbc05ecaf150&gt;, 'Connection to founder-os-58.preview.emergentagent.com timed out. (connect timeout=10)'))">E   TimeoutError: timed out

The above exception was the direct cause of the following exception:
E   urllib3.exceptions.ConnectTimeoutError: (&lt;HTTPSConnection(host='founder-os-58.preview.emergentagent.com', port=443) at 0xfbc05ecaf150&gt;, 'Connection to founder-os-58.preview.emergentagent.com timed out. (connect timeout=10)')

The above exception was the direct cause of the following exception:
E   urllib3.exceptions.MaxRetryError: HTTPSConnectionPool(host='founder-os-58.preview.emergentagent.com', port=443): Max retries exceeded with url: /api/brain/search?q=cotton (Caused by ConnectTimeoutError(&lt;HTTPSConnection(host='founder-os-58.preview.emergentagent.com', port=443) at 0xfbc05ecaf150&gt;, 'Connection to founder-os-58.preview.emergentagent.com timed out. (connect timeout=10)'))

During handling of the above exception, another exception occurred:
E   requests.exceptions.ConnectTimeout: HTTPSConnectionPool(host='founder-os-58.preview.emergentagent.com', port=443): Max retries exceeded with url: /api/brain/search?q=cotton (Caused by ConnectTimeoutError(&lt;HTTPSConnection(host='founder-os-58.preview.emergentagent.com', port=443) at 0xfbc05ecaf150&gt;, 'Connection to founder-os-58.preview.emergentagent.com timed out. (connect timeout=10)'))</failure></testcase><testcase classname="tests.backend_test.TestVoiceNoteOwnerGate" name="test_text_directive_sales_forbidden" time="30.029"><error message="failed on setup with &quot;requests.exceptions.ConnectTimeout: HTTPSConnectionPool(host='founder-os-58.preview.emergentagent.com', port=443): Max retries exceeded with url: /api/auth/login (Caused by ConnectTimeoutError(&lt;HTTPSConnection(host='founder-os-58.preview.emergentagent.com', port=443) at 0xfa58049cb9d0&gt;, 'Connection to founder-os-58.preview.emergentagent.com timed out. (connect timeout=15)'))&quot;">E   TimeoutError: timed out

The above exception was the direct cause of the following exception:
E   urllib3.exceptions.ConnectTimeoutError: (&lt;HTTPSConnection(host='founder-os-58.preview.emergentagent.com', port=443) at 0xfa58049cb9d0&gt;, 'Connection to founder-os-58.preview.emergentagent.com timed out. (connect timeout=15)')

The above exception was the direct cause of the following exception:
E   urllib3.exceptions.MaxRetryError: HTTPSConnectionPool(host='founder-os-58.preview.emergentagent.com', port=443): Max retries exceeded with url: /api/auth/login (Caused by ConnectTimeoutError(&lt;HTTPSConnection(host='founder-os-58.preview.emergentagent.com', port=443) at 0xfa58049cb9d0&gt;, 'Connection to founder-os-58.preview.emergentagent.com timed out. (connect timeout=15)'))

During handling of the above exception, another exception occurred:
E   requests.exceptions.ConnectTimeout: HTTPSConnectionPool(host='founder-os-58.preview.emergentagent.com', port=443): Max retries exceeded with url: /api/auth/login (Caused by ConnectTimeoutError(&lt;HTTPSConnection(host='founder-os-58.preview.emergentagent.com', port=443) at 0xfa58049cb9d0&gt;, 'Connection to founder-os-58.preview.emergentagent.com timed out. (connect timeout=15)'))</error></testcase><testcase classname="tests.backend_test.TestVoiceNoteOwnerGate" name="test_text_directive_production_forbidden" time="8.456" /><testcase classname="tests.backend_test.TestVoiceNoteOwnerGate" name="test_text_directive_finance_forbidden" time="10.131" /><testcase classname="tests.backend_test.TestDecisionApproval" name="test_reject_by_sales_forbidden" time="23.853" /><testcase classname="tests.backend_test.TestDecisionApproval" name="test_approve_by_owner_unblocks_tasks" time="10.234" /><testcase classname="tests.backend_test.TestVoiceNoteOwnerGate" name="test_voice_note_audio_sales_forbidden" time="0.000"><error message="failed on setup with &quot;requests.exceptions.ConnectTimeout: HTTPSConnectionPool(host='founder-os-58.preview.emergentagent.com', port=443): Max retries exceeded with url: /api/auth/login (Caused by ConnectTimeoutError(&lt;HTTPSConnection(host='founder-os-58.preview.emergentagent.com', port=443) at 0xfa58049cb9d0&gt;, 'Connection to founder-os-58.preview.emergentagent.com timed out. (connect timeout=15)'))&quot;">E   TimeoutError: timed out

The above exception was the direct cause of the following exception:
E   urllib3.exceptions.ConnectTimeoutError: (&lt;HTTPSConnection(host='founder-os-58.preview.emergentagent.com', port=443) at 0xfa58049cb9d0&gt;, 'Connection to founder-os-58.preview.emergentagent.com timed out. (connect timeout=15)')

The above exception was the direct cause of the following exception:
E   urllib3.exceptions.MaxRetryError: HTTPSConnectionPool(host='founder-os-58.preview.emergentagent.com', port=443): Max retries exceeded with url: /api/auth/login (Caused by ConnectTimeoutError(&lt;HTTPSConnection(host='founder-os-58.preview.emergentagent.com', port=443) at 0xfa58049cb9d0&gt;, 'Connection to founder-os-58.preview.emergentagent.com timed out. (connect timeout=15)'))

During handling of the above exception, another exception occurred:
E   requests.exceptions.ConnectTimeout: HTTPSConnectionPool(host='founder-os-58.preview.emergentagent.com', port=443): Max retries exceeded with url: /api/auth/login (Caused by ConnectTimeoutError(&lt;HTTPSConnection(host='founder-os-58.preview.emergentagent.com', port=443) at 0xfa58049cb9d0&gt;, 'Connection to founder-os-58.preview.emergentagent.com timed out. (connect timeout=15)'))</error></testcase><testcase classname="tests.backend_test.TestTasks" name="test_list_tasks" time="0.111" /><testcase classname="tests.backend_test.TestTasks" name="test_mine_filter_sales" time="0.000"><error message="failed on setup with &quot;requests.exceptions.ConnectTimeout: HTTPSConnectionPool(host='founder-os-58.preview.emergentagent.com', port=443): Max retries exceeded with url: /api/auth/login (Caused by ConnectTimeoutError(&lt;HTTPSConnection(host='founder-os-58.preview.emergentagent.com', port=443) at 0xfa58049cb9d0&gt;, 'Connection to founder-os-58.preview.emergentagent.com timed out. (connect timeout=15)'))&quot;">E   TimeoutError: timed out

The above exception was the direct cause of the following exception:
E   urllib3.exceptions.ConnectTimeoutError: (&lt;HTTPSConnection(host='founder-os-58.preview.emergentagent.com', port=443) at 0xfa58049cb9d0&gt;, 'Connection to founder-os-58.preview.emergentagent.com timed out. (connect timeout=15)')

The above exception was the direct cause of the following exception:
E   urllib3.exceptions.MaxRetryError: HTTPSConnectionPool(host='founder-os-58.preview.emergentagent.com', port=443): Max retries exceeded with url: /api/auth/login (Caused by ConnectTimeoutError(&lt;HTTPSConnection(host='founder-os-58.preview.emergentagent.com', port=443) at 0xfa58049cb9d0&gt;, 'Connection to founder-os-58.preview.emergentagent.com timed out. (connect timeout=15)'))

During handling of the above exception, another exception occurred:
E   requests.exceptions.ConnectTimeout: HTTPSConnectionPool(host='founder-os-58.preview.emergentagent.com', port=443): Max retries exceeded with url: /api/auth/login (Caused by ConnectTimeoutError(&lt;HTTPSConnection(host='founder-os-58.preview.emergentagent.com', port=443) at 0xfa58049cb9d0&gt;, 'Connection to founder-os-58.preview.emergentagent.com timed out. (connect timeout=15)'))</error></testcase><testcase classname="tests.backend_test.TestTasks" name="test_create_and_progress_task" time="0.382" /><testcase classname="tests.backend_test.TestTeam" name="test_list_users" time="10.110" /><testcase classname="tests.backend_test.TestDecisionApproval" name="test_reject_flow" time="8.771" /><testcase classname="tests.backend_test.TestTeam" name="test_add_user_owner" time="0.345" /><testcase classname="tests.backend_test.TestTeam" name="test_add_user_non_owner_forbidden" time="0.000"><error message="failed on setup with &quot;requests.exceptions.ConnectTimeout: HTTPSConnectionPool(host='founder-os-58.preview.emergentagent.com', port=443): Max retries exceeded with url: /api/auth/login (Caused by ConnectTimeoutError(&lt;HTTPSConnection(host='founder-os-58.preview.emergentagent.com', port=443) at 0xfa58049cb9d0&gt;, 'Connection to founder-os-58.preview.emergentagent.com timed out. (connect timeout=15)'))&quot;">E   TimeoutError: timed out

The above exception was the direct cause of the following exception:
E   urllib3.exceptions.ConnectTimeoutError: (&lt;HTTPSConnection(host='founder-os-58.preview.emergentagent.com', port=443) at 0xfa58049cb9d0&gt;, 'Connection to founder-os-58.preview.emergentagent.com timed out. (connect timeout=15)')

The above exception was the direct cause of the following exception:
E   urllib3.exceptions.MaxRetryError: HTTPSConnectionPool(host='founder-os-58.preview.emergentagent.com', port=443): Max retries exceeded with url: /api/auth/login (Caused by ConnectTimeoutError(&lt;HTTPSConnection(host='founder-os-58.preview.emergentagent.com', port=443) at 0xfa58049cb9d0&gt;, 'Connection to founder-os-58.preview.emergentagent.com timed out. (connect timeout=15)'))

During handling of the above exception, another exception occurred:
E   requests.exceptions.ConnectTimeout: HTTPSConnectionPool(host='founder-os-58.preview.emergentagent.com', port=443): Max retries exceeded with url: /api/auth/login (Caused by ConnectTimeoutError(&lt;HTTPSConnection(host='founder-os-58.preview.emergentagent.com', port=443) at 0xfa58049cb9d0&gt;, 'Connection to founder-os-58.preview.emergentagent.com timed out. (connect timeout=15)'))</error></testcase><testcase classname="tests.test_iteration7.TestMultilingualVoice" name="test_tanglish_text_extraction" time="9.068" /><testcase classname="tests.backend_test.TestWorkflowNextStageGuard" name="test_skip_stage_rejected" time="0.206" /><testcase classname="tests.backend_test.TestWorkflowNextStageGuard" name="test_next_stage_ok" time="0.320" /><testcase classname="tests.backend_test.TestWorkflowNextStageGuard" name="test_backward_stage_rejected" time="0.346" /><testcase classname="tests.backend_test.TestDashboard" name="test_dashboard_shape" time="0.110" /><testcase classname="tests.backend_test.TestDashboard" name="test_dashboard_tenant_isolation" time="0.507" /><testcase classname="tests.backend_test.TestDigest" name="test_owner_mocked" time="0.128" /><testcase classname="tests.backend_test.TestDigest" name="test_non_owner_forbidden" time="0.106" /><testcase classname="tests.test_iteration7.TestContactsWorkflowLink" name="test_seeded_workflows_linked" time="0.544" /><testcase classname="tests.test_iteration7.TestContactsWorkflowLink" name="test_create_workflow_with_contact_copies_counterparty" time="0.232" /><testcase classname="tests.test_iteration7.TestContactsBrainAndAsk" name="test_brain_search_returns_contacts" time="0.105" /><testcase classname="tests.test_iteration7.TestContactsBrainAndAsk" name="test_ask_ai_answers_from_contact" time="4.209" /><testcase classname="tests.test_iteration7.TestMultilingualVoice" name="test_tamil_script_text_extraction" time="8.762" /><testcase classname="tests.backend_test.TestVoiceNoteAI" name="test_text_directive_flow" time="11.274" /><testcase classname="tests.test_iteration7.TestMultilingualVoice" name="test_language_en_still_works" time="4.449" /><testcase classname="tests.backend_test.TestBrainSearch" name="test_search_matches_seeded" time="0.127" /><testcase classname="tests.backend_test.TestAskAI" name="test_ask_returns_answer" time="6.446" /></testsuite></testsuites>