<?xml version="1.0" encoding="utf-8"?><testsuites name="pytest tests"><testsuite name="pytest" errors="0" failures="0" skipped="0" tests="8" time="3.825" timestamp="2026-07-08T11:38:36.020321+00:00" hostname="agent-env-07e7a341-a91d-4a74-a34e-2f86d2e35db8"><testcase classname="tests.test_iteration26.TestEscalationFlow" name="test_login_all_users" time="1.440" /><testcase classname="tests.test_iteration26.TestEscalationFlow" name="test_create_task_and_escalate" time="0.909" /><testcase classname="tests.test_iteration26.TestEscalationFlow" name="test_handoff_tags_source_handoff_not_escalation" time="0.733" /><testcase classname="tests.test_iteration26.TestEscalationFlow" name="test_notifications_shape" time="0.105" /><testcase classname="tests.test_iteration26.TestEscalationFlow" name="test_owner_has_escalation_visible_in_mine" time="0.100" /><testcase classname="tests.test_iteration26.TestRegression" name="test_owner_inbox_endpoint" time="0.107" /><testcase classname="tests.test_iteration26.TestRegression" name="test_owner_decisions_endpoint" time="0.135" /><testcase classname="tests.test_iteration26.TestRegression" name="test_note_action_still_works" time="0.211" /></testsuite></testsuites>