<?xml version="1.0" encoding="utf-8"?><testsuites name="pytest tests"><testsuite name="pytest" errors="0" failures="0" skipped="0" tests="15" time="39.142" timestamp="2026-07-15T06:36:00.670078+00:00" hostname="agent-env-07e7a341-a91d-4a74-a34e-2f86d2e35db8"><testcase classname="tests.test_iteration46_capture.TestWhatsAppStatus" name="test_status_configured" time="0.813" /><testcase classname="tests.test_iteration46_capture.TestWhatsAppStatus" name="test_logs_owner_only" time="0.472" /><testcase classname="tests.test_iteration46_capture.TestWebhookCreatesDrafts" name="test_sales_followup_creates_draft" time="4.541" /><testcase classname="tests.test_iteration46_capture.TestWebhookCreatesDrafts" name="test_invoice_instruction_creates_finance_draft" time="4.142" /><testcase classname="tests.test_iteration46_capture.TestWebhookCreatesDrafts" name="test_high_value_approval_escalates_to_owner" time="4.146" /><testcase classname="tests.test_iteration46_capture.TestWebhookCreatesDrafts" name="test_meeting_creates_owner_draft" time="4.143" /><testcase classname="tests.test_iteration46_capture.TestListAndCount" name="test_owner_sees_all_pending" time="0.045" /><testcase classname="tests.test_iteration46_capture.TestListAndCount" name="test_non_owner_sees_only_their_role_queue" time="0.095" /><testcase classname="tests.test_iteration46_capture.TestListAndCount" name="test_pending_count" time="0.046" /><testcase classname="tests.test_iteration46_capture.TestDraftActions" name="test_edit_capture" time="2.209" /><testcase classname="tests.test_iteration46_capture.TestDraftActions" name="test_reassign_capture" time="0.095" /><testcase classname="tests.test_iteration46_capture.TestDraftActions" name="test_clarify_moves_to_clarification" time="0.593" /><testcase classname="tests.test_iteration46_capture.TestDraftActions" name="test_reject_moves_to_rejected" time="4.233" /><testcase classname="tests.test_iteration46_capture.TestDraftActions" name="test_approve_creates_decision_and_marks_executed" time="10.924" /><testcase classname="tests.test_iteration46_capture.TestDraftActions" name="test_owner_escalated_draft_403_for_non_owner" time="2.577" /></testsuite></testsuites>