<?xml version="1.0" encoding="utf-8"?><testsuites name="pytest tests"><testsuite name="pytest" errors="0" failures="0" skipped="0" tests="5" time="12.413" timestamp="2026-07-09T07:50:43.034298+00:00" hostname="agent-env-07e7a341-a91d-4a74-a34e-2f86d2e35db8"><testcase classname="tests.test_iteration33.TestMeetingsToCalendar" name="test_1_login_returns_jwt" time="0.353" /><testcase classname="tests.test_iteration33.TestMeetingsToCalendar" name="test_2_meeting_directive_creates_calendar_events" time="6.941" /><testcase classname="tests.test_iteration33.TestMeetingsToCalendar" name="test_3_no_meeting_directive_yields_zero_meetings" time="4.772" /><testcase classname="tests.test_iteration33.TestMeetingsToCalendar" name="test_4_execution_summary_shape_regression" time="0.095" /><testcase classname="tests.test_iteration33.TestMeetingsToCalendar" name="test_5_date_resolver_semantics" time="0.170" /></testsuite></testsuites>