<?xml version="1.0" encoding="utf-8"?><testsuites name="pytest tests"><testsuite name="pytest" errors="0" failures="1" skipped="0" tests="16" time="6.053" timestamp="2026-07-27T12:59:28.991546+00:00" hostname="agent-env-07e7a341-a91d-4a74-a34e-2f86d2e35db8"><testcase classname="tests.test_iteration60_admin.TestAdminAuth" name="test_admin_login_success" time="0.694" /><testcase classname="tests.test_iteration60_admin.TestAiKeys" name="test_list_ai_keys" time="0.761" /><testcase classname="tests.test_iteration60_admin.TestAdminAuth" name="test_admin_login_wrong_password" time="0.346" /><testcase classname="tests.test_iteration60_admin.TestAiKeys" name="test_put_empty_reverts_env" time="0.358" /><testcase classname="tests.test_iteration60_admin.TestAdminAuth" name="test_admin_endpoints_require_cookie" time="2.723" /><testcase classname="tests.test_iteration60_admin.TestAiKeys" name="test_put_no_keys_400" time="0.055" /><testcase classname="tests.test_iteration60_admin.TestAiKeys" name="test_ai_keys_status_probe" time="3.010" /><testcase classname="tests.test_iteration60_admin.TestAdminAuth" name="test_tenant_token_cannot_access_admin" time="0.496" /><testcase classname="tests.test_iteration60_admin.TestUserActions" name="test_cannot_suspend_owner" time="0.109" /><testcase classname="tests.test_iteration60_admin.TestAdminData" name="test_metrics" time="0.051" /><testcase classname="tests.test_iteration60_admin.TestAdminData" name="test_tenants" time="0.324" /><testcase classname="tests.test_iteration60_admin.TestUserActions" name="test_suspend_flow_and_isolation" time="0.469"><failure message="KeyError: 'id'">backend/tests/test_iteration60_admin.py:174: in test_suspend_flow_and_isolation
    sales_user_id = r.json()["id"]
                    ^^^^^^^^^^^^^^
E   KeyError: 'id'</failure></testcase><testcase classname="tests.test_iteration60_admin.TestAdminData" name="test_users" time="0.048" /><testcase classname="tests.test_iteration60_admin.TestAdminHealth" name="test_health" time="0.047" /><testcase classname="tests.test_iteration60_admin.TestRegression" name="test_owner_login_and_core_endpoints" time="0.748" /><testcase classname="tests.test_iteration60_admin.TestRegression" name="test_admin_cookie_not_required_for_tenant" time="0.150" /></testsuite></testsuites>