<?xml version="1.0" encoding="utf-8"?><testsuites name="pytest tests"><testsuite name="pytest" errors="0" failures="0" skipped="0" tests="18" time="6.671" timestamp="2026-07-08T17:42:21.843990+00:00" hostname="agent-env-07e7a341-a91d-4a74-a34e-2f86d2e35db8"><testcase classname="tests.test_iteration30.TestOwnerLogin" name="test_owner_login_returns_token" time="0.612" /><testcase classname="tests.test_iteration30.TestOwnerLogin" name="test_owner_me" time="0.117" /><testcase classname="tests.test_iteration30.TestCreateUser" name="test_create_passwordless_member" time="0.701" /><testcase classname="tests.test_iteration30.TestCreateUser" name="test_create_password_member_with_phone_returns_invite_token" time="0.673" /><testcase classname="tests.test_iteration30.TestCreateUser" name="test_create_password_member_without_phone_no_invite_token" time="0.357" /><testcase classname="tests.test_iteration30.TestCreateUser" name="test_create_passwordless_without_phone_400" time="0.097" /><testcase classname="tests.test_iteration30.TestCreateUser" name="test_create_passwordless_with_short_phone_400" time="0.114" /><testcase classname="tests.test_iteration30.TestInviteFlow" name="test_invite_info_returns_welcome" time="0.434" /><testcase classname="tests.test_iteration30.TestInviteFlow" name="test_invite_info_invalid_404" time="0.095" /><testcase classname="tests.test_iteration30.TestInviteFlow" name="test_invite_start_full_flow" time="0.355" /><testcase classname="tests.test_iteration30.TestInviteFlow" name="test_invite_start_invalid_token_404" time="0.123" /><testcase classname="tests.test_iteration30.TestRegenerateInvite" name="test_regenerate_invite_for_member_with_phone" time="0.554" /><testcase classname="tests.test_iteration30.TestRegenerateInvite" name="test_regenerate_invite_no_phone_400" time="0.446" /><testcase classname="tests.test_iteration30.TestRegenerateInvite" name="test_regenerate_invite_unknown_user_404" time="0.103" /><testcase classname="tests.test_iteration30.TestListUsersLeakGuard" name="test_no_invite_token_leak" time="0.497" /><testcase classname="tests.test_iteration30.TestRbacTeamManage" name="test_sales_cannot_create_user" time="0.561" /><testcase classname="tests.test_iteration30.TestRbacTeamManage" name="test_sales_cannot_regenerate_invite" time="0.452" /><testcase classname="tests.test_iteration30.TestOtpRegression" name="test_owner_otp_request_and_verify" time="0.211" /></testsuite></testsuites>