<?xml version="1.0" encoding="utf-8"?><testsuites name="pytest tests"><testsuite name="pytest" errors="0" failures="0" skipped="0" tests="8" time="4.600" timestamp="2026-07-29T15:07:27.352278+00:00" hostname="agent-env-07e7a341-a91d-4a74-a34e-2f86d2e35db8"><testcase classname="tests.test_iteration67_purchase_classify.TestReclassifyEndpoint" name="test_non_owner_forbidden_sales" time="2.056" /><testcase classname="tests.test_iteration67_purchase_classify.TestCommitUnknownGate" name="test_commit_rejects_unknown" time="2.058" /><testcase classname="tests.test_iteration67_purchase_classify.TestCommitUnknownGate" name="test_commit_rejects_blank" time="0.362" /><testcase classname="tests.test_iteration67_purchase_classify.TestReclassifyEndpoint" name="test_non_owner_forbidden_finance" time="0.579" /><testcase classname="tests.test_iteration67_purchase_classify.TestCommitUnknownGate" name="test_commit_succeeds_asset" time="0.141" /><testcase classname="tests.test_iteration67_purchase_classify.TestCommitUnknownGate" name="test_commit_succeeds_inventory" time="0.132" /><testcase classname="tests.test_iteration67_purchase_classify.TestCommitUnknownGate" name="test_commit_succeeds_expense" time="0.390" /><testcase classname="tests.test_iteration67_purchase_classify.TestReclassifyEndpoint" name="test_owner_returns_summary" time="0.577" /></testsuite></testsuites>