<?xml version="1.0" encoding="utf-8"?><testsuites name="pytest tests"><testsuite name="pytest" errors="0" failures="1" skipped="0" tests="11" time="58.855" timestamp="2026-07-30T09:56:50.026538+00:00" hostname="agent-env-07e7a341-a91d-4a74-a34e-2f86d2e35db8"><testcase classname="tests.test_iteration73_brain_ask" name="test_owner_on_time_tasks_this_month" time="7.761" /><testcase classname="tests.test_iteration73_brain_ask" name="test_sales_denied_profit_question" time="2.440" /><testcase classname="tests.test_iteration73_brain_ask" name="test_sales_denied_outstanding_invoices" time="2.152" /><testcase classname="tests.test_iteration73_brain_ask" name="test_owner_outstanding_invoices" time="7.430" /><testcase classname="tests.test_iteration73_brain_ask" name="test_followup_context_group_by_employee" time="13.519" /><testcase classname="tests.test_iteration73_brain_ask" name="test_employees_overdue_ranking" time="2.228"><failure message="AssertionError: {'type': 'INSUFFICIENT_DATA', 'answer': &quot;I couldn't find enough information in your workspace to answer that yet.&quot;, 'missing_information': ['No matching records were found for this question.'], 'suggested_questions': ['What needs my attention today?', 'Show my overdue tasks', 'Show tasks completed this month']}&#10;assert 'INSUFFICIENT_DATA' == 'ANSWER'&#10;  &#10;  - ANSWER&#10;  + INSUFFICIENT_DATA">backend/tests/test_iteration73_brain_ask.py:105: in test_employees_overdue_ranking
    assert data["type"] == "ANSWER", data
E   AssertionError: {'type': 'INSUFFICIENT_DATA', 'answer': "I couldn't find enough information in your workspace to answer that yet.", 'missing_information': ['No matching records were found for this question.'], 'suggested_questions': ['What needs my attention today?', 'Show my overdue tasks', 'Show tasks completed this month']}
E   assert 'INSUFFICIENT_DATA' == 'ANSWER'
E     
E     - ANSWER
E     + INSUFFICIENT_DATA</failure></testcase><testcase classname="tests.test_iteration73_brain_ask" name="test_insufficient_data_nonsense" time="3.466" /><testcase classname="tests.test_iteration73_brain_ask" name="test_export_formats[csv-text/csv]" time="8.063" /><testcase classname="tests.test_iteration73_brain_ask" name="test_export_formats[excel-application/vnd.openxmlformats]" time="0.513" /><testcase classname="tests.test_iteration73_brain_ask" name="test_export_formats[pdf-application/pdf]" time="0.165" /><testcase classname="tests.test_iteration73_brain_ask" name="test_sales_cannot_export_finance_context" time="10.780" /></testsuite></testsuites>