<?xml version="1.0" encoding="utf-8"?><testsuites name="pytest tests"><testsuite name="pytest" errors="0" failures="0" skipped="0" tests="22" time="6.353" timestamp="2026-07-17T08:12:35.517515+00:00" hostname="agent-env-07e7a341-a91d-4a74-a34e-2f86d2e35db8"><testcase classname="tests.test_iteration50_leave.TestSmoke" name="test_owner_login" time="0.390" /><testcase classname="tests.test_iteration50_leave.TestSmoke" name="test_leaves_endpoint_available" time="0.047" /><testcase classname="tests.test_iteration50_leave.TestCreateValidation" name="test_invalid_leave_type" time="0.405" /><testcase classname="tests.test_iteration50_leave.TestCreateValidation" name="test_end_before_start" time="0.043" /><testcase classname="tests.test_iteration50_leave.TestCreateValidation" name="test_absence_bad_reason" time="0.045" /><testcase classname="tests.test_iteration50_leave.TestApproverResolution" name="test_owner_fallback" time="0.138" /><testcase classname="tests.test_iteration50_leave.TestApproverResolution" name="test_department_mapping" time="0.451" /><testcase classname="tests.test_iteration50_leave.TestApproverResolution" name="test_reporting_manager_priority" time="0.455" /><testcase classname="tests.test_iteration50_leave.TestApproverResolution" name="test_cleanup_reset" time="0.090" /><testcase classname="tests.test_iteration50_leave.TestApprovalWorkflow" name="test_approve_and_notify" time="0.693" /><testcase classname="tests.test_iteration50_leave.TestApprovalWorkflow" name="test_reject_and_notify" time="0.653" /><testcase classname="tests.test_iteration50_leave.TestApprovalWorkflow" name="test_request_info_and_notify" time="0.652" /><testcase classname="tests.test_iteration50_leave.TestRBAC" name="test_non_approver_cannot_approve" time="0.665" /><testcase classname="tests.test_iteration50_leave.TestRBAC" name="test_permission_grant_enables_approve" time="0.519" /><testcase classname="tests.test_iteration50_leave.TestAbsence" name="test_absence_creates_today_leave" time="0.095" /><testcase classname="tests.test_iteration50_leave.TestIntegrations" name="test_on_leave_and_calendar_after_approve" time="0.342" /><testcase classname="tests.test_iteration50_leave.TestScopes" name="test_mine_scope_only_self" time="0.049" /><testcase classname="tests.test_iteration50_leave.TestScopes" name="test_approvals_scope_owner_sees_all" time="0.048" /><testcase classname="tests.test_iteration50_leave.TestScopes" name="test_approvals_scope_non_approver_empty_or_own" time="0.045" /><testcase classname="tests.test_iteration50_leave.TestApproverConfigRBAC" name="test_non_team_manage_cannot_update" time="0.047" /><testcase classname="tests.test_iteration50_leave.TestApproverConfigRBAC" name="test_owner_can_update" time="0.091" /><testcase classname="tests.test_iteration50_leave.TestReportingManagerClearBug" name="test_null_does_not_clear" time="0.275" /></testsuite></testsuites>