<?xml version="1.0" encoding="utf-8"?><testsuites name="pytest tests"><testsuite name="pytest" errors="0" failures="0" skipped="0" tests="21" time="55.009" timestamp="2026-07-02T20:30:28.445829+00:00" hostname="agent-env-07e7a341-a91d-4a74-a34e-2f86d2e35db8"><testcase classname="tests.test_iteration12.TestInboxList" name="test_shape_and_open_total" time="0.675" /><testcase classname="tests.test_iteration12.TestInboxList" name="test_filter_by_classification" time="0.110" /><testcase classname="tests.test_iteration12.TestInboxList" name="test_filter_by_status" time="0.111" /><testcase classname="tests.test_iteration12.TestInboxList" name="test_tenant_isolation" time="0.527" /><testcase classname="tests.test_iteration12.TestInboxStatus" name="test_mark_done" time="0.589" /><testcase classname="tests.test_iteration12.TestInboxStatus" name="test_dismiss" time="0.440" /><testcase classname="tests.test_iteration12.TestInboxStatus" name="test_invalid_status_400" time="0.499" /><testcase classname="tests.test_iteration12.TestInboxStatus" name="test_unknown_id_404" time="0.156" /><testcase classname="tests.test_iteration12.TestInboxAutoCreate" name="test_complaint_creates_inbox_item" time="0.354" /><testcase classname="tests.test_iteration12.TestInboxAutoCreate" name="test_text_directive_creates_inbox_item" time="10.943" /><testcase classname="tests.test_iteration12.TestInboxAutoCreate" name="test_csv_ingest_creates_open_item_and_commit_flips_done" time="4.025" /><testcase classname="tests.test_iteration12.TestContactProfile" name="test_owner_gets_full_profile" time="0.205" /><testcase classname="tests.test_iteration12.TestContactProfile" name="test_finance_gets_profile" time="0.652" /><testcase classname="tests.test_iteration12.TestContactProfile" name="test_sales_forbidden" time="0.544" /><testcase classname="tests.test_iteration12.TestContactProfile" name="test_production_forbidden" time="0.579" /><testcase classname="tests.test_iteration12.TestContactProfile" name="test_missing_contact_404" time="0.103" /><testcase classname="tests.test_iteration12.TestAskAIMoneyRoleGate" name="test_owner_money_question_answers" time="3.716" /><testcase classname="tests.test_iteration12.TestAskAIMoneyRoleGate" name="test_finance_money_question_answers" time="5.648" /><testcase classname="tests.test_iteration12.TestAskAIMoneyRoleGate" name="test_sales_money_question_restricted" time="2.266" /><testcase classname="tests.test_iteration12.TestAskAIMoneyRoleGate" name="test_production_non_money_question_works" time="4.948" /><testcase classname="tests.test_iteration12.TestAskAIMoneyRoleGate" name="test_sales_non_money_question_works" time="17.824" /></testsuite></testsuites>