<?xml version="1.0" encoding="utf-8"?><testsuites name="pytest tests"><testsuite name="pytest" errors="0" failures="0" skipped="0" tests="27" time="84.096" timestamp="2026-07-21T04:42:07.367119+00:00" hostname="agent-env-07e7a341-a91d-4a74-a34e-2f86d2e35db8"><testcase classname="tests.test_iteration56_ledger_ai.TestWithFileImage" name="test_expense_with_bill_stored_and_ai_reads" time="3.521" /><testcase classname="tests.test_iteration56_ledger_ai.TestLedgerAI" name="test_ai_scope_shape[brief]" time="0.826" /><testcase classname="tests.test_iteration56_ledger_ai.TestLedgerAI" name="test_ai_scope_shape[overview]" time="18.080" /><testcase classname="tests.test_iteration56_ledger_ai.TestWithFileImage" name="test_expense_typed_wins_over_ai" time="3.138" /><testcase classname="tests.test_iteration56_ledger_ai.TestWithFileImage" name="test_expense_asset_purchase_from_bill_auto_creates_asset" time="4.171" /><testcase classname="tests.test_iteration56_ledger_ai.TestWithFileImage" name="test_asset_with_bill" time="3.459" /><testcase classname="tests.test_iteration56_ledger_ai.TestWithFileImage" name="test_inventory_with_bill" time="10.234" /><testcase classname="tests.test_iteration56_ledger_ai.TestLedgerAI" name="test_ai_scope_shape[expenses]" time="0.096" /><testcase classname="tests.test_iteration56_ledger_ai.TestLedgerAI" name="test_ai_scope_shape[assets]" time="26.721" /><testcase classname="tests.test_iteration56_ledger_ai.TestRegression" name="test_json_expense_crud_still_works" time="0.288" /><testcase classname="tests.test_iteration56_ledger_ai.TestRegression" name="test_json_asset_and_inventory_crud" time="0.207" /><testcase classname="tests.test_iteration56_ledger_ai.TestRegression" name="test_ledger_summary_still_works" time="0.096" /><testcase classname="tests.test_iteration56_ledger_ai.TestRegression" name="test_suggest_category_still_works" time="1.116" /><testcase classname="tests.test_iteration56_ledger_ai.TestWithFileNoFile" name="test_expense_no_file" time="0.100" /><testcase classname="tests.test_iteration56_ledger_ai.TestWithFileNoFile" name="test_asset_no_file" time="0.106" /><testcase classname="tests.test_iteration56_ledger_ai.TestWithFileNoFile" name="test_inventory_no_file" time="0.099" /><testcase classname="tests.test_iteration56_ledger_ai.TestWithFileEmpty" name="test_expense_empty_400" time="0.103" /><testcase classname="tests.test_iteration56_ledger_ai.TestWithFileEmpty" name="test_asset_empty_400" time="0.110" /><testcase classname="tests.test_iteration56_ledger_ai.TestWithFileEmpty" name="test_inventory_empty_400" time="0.100" /><testcase classname="tests.test_iteration56_ledger_ai.TestRBAC" name="test_sales_blocked_with_file" time="0.632" /><testcase classname="tests.test_iteration56_ledger_ai.TestRBAC" name="test_sales_blocked_ai_endpoints" time="0.293" /><testcase classname="tests.test_iteration56_ledger_ai.TestRBAC" name="test_finance_allowed_ai" time="0.473" /><testcase classname="tests.test_iteration56_ledger_ai.TestLedgerAsk" name="test_ask_empty_400" time="0.102" /><testcase classname="tests.test_iteration56_ledger_ai.TestLedgerAsk" name="test_ask_returns_grounded_answer" time="3.349" /><testcase classname="tests.test_iteration56_ledger_ai.TestLedgerAI" name="test_ai_scope_shape[inventory]" time="15.731" /><testcase classname="tests.test_iteration56_ledger_ai.TestLedgerAI" name="test_ai_unknown_scope_404" time="0.451" /><testcase classname="tests.test_iteration56_ledger_ai.TestLedgerAI" name="test_ai_refresh_returns_new_generated_at" time="21.795" /></testsuite></testsuites>