<?xml version="1.0" encoding="utf-8"?><testsuites name="pytest tests"><testsuite name="pytest" errors="0" failures="0" skipped="0" tests="15" time="4.177" timestamp="2026-07-08T17:03:11.305853+00:00" hostname="agent-env-07e7a341-a91d-4a74-a34e-2f86d2e35db8"><testcase classname="tests.test_iteration29.TestEmailPasswordRegression" name="test_owner_login_ok" time="0.438" /><testcase classname="tests.test_iteration29.TestEmailPasswordRegression" name="test_owner_login_bad_password" time="0.316" /><testcase classname="tests.test_iteration29.TestEmailPasswordRegression" name="test_me_with_token" time="0.530" /><testcase classname="tests.test_iteration29.TestOtpFlow" name="test_request_returns_dev_otp_for_registered_phone" time="0.096" /><testcase classname="tests.test_iteration29.TestOtpFlow" name="test_verify_success_returns_token_and_user" time="0.225" /><testcase classname="tests.test_iteration29.TestOtpFlow" name="test_verify_reuse_same_code_fails" time="0.170" /><testcase classname="tests.test_iteration29.TestOtpFlow" name="test_verify_without_request_returns_400" time="0.052" /><testcase classname="tests.test_iteration29.TestOtpFlow" name="test_verify_wrong_code_returns_401" time="0.126" /><testcase classname="tests.test_iteration29.TestOtpFlow" name="test_request_unregistered_returns_404" time="0.068" /><testcase classname="tests.test_iteration29.TestOtpFlow" name="test_request_invalid_phone_returns_400" time="0.049" /><testcase classname="tests.test_iteration29.TestOtpFlow" name="test_norm_phone_accepts_formatted" time="0.121" /><testcase classname="tests.test_iteration29.TestRegisterWithPhone" name="test_register_with_phone_then_login_via_otp" time="0.386" /><testcase classname="tests.test_iteration29.TestMemberPhone" name="test_owner_creates_member_with_phone_and_edits_it" time="0.979" /><testcase classname="tests.test_iteration29.TestTenantPhone" name="test_owner_can_patch_tenant_phone" time="0.242" /><testcase classname="tests.test_iteration29.TestTenantPhone" name="test_production_cannot_patch_tenant" time="0.212" /></testsuite></testsuites>