<?xml version="1.0" encoding="utf-8"?><testsuites name="pytest tests"><testsuite name="pytest" errors="0" failures="0" skipped="0" tests="20" time="28.055" timestamp="2026-07-01T20:46:52.943666+00:00" hostname="agent-env-07e7a341-a91d-4a74-a34e-2f86d2e35db8"><testcase classname="tests.test_iteration7.TestContactsRoleGates" name="test_create_owner_ok" time="1.047" /><testcase classname="tests.test_iteration7.TestContactsSeed" name="test_demo_contacts_present" time="0.968" /><testcase classname="tests.test_iteration7.TestContactsSeed" name="test_filter_type_customer" time="0.160" /><testcase classname="tests.test_iteration7.TestContactsSeed" name="test_filter_type_vendor" time="0.286" /><testcase classname="tests.test_iteration7.TestContactsSeed" name="test_search_q_kapoor" time="0.178" /><testcase classname="tests.test_iteration7.TestContactsRoleGates" name="test_create_sales_ok" time="0.639" /><testcase classname="tests.test_iteration7.TestContactsSeed" name="test_finance_can_read_contacts" time="0.609" /><testcase classname="tests.test_iteration7.TestContactsRoleGates" name="test_create_finance_forbidden" time="0.688" /><testcase classname="tests.test_iteration7.TestMultilingualVoice" name="test_tanglish_text_extraction" time="9.416" /><testcase classname="tests.test_iteration7.TestContactsRoleGates" name="test_create_production_forbidden" time="0.570" /><testcase classname="tests.test_iteration7.TestContactsRoleGates" name="test_update_owner_and_verify" time="0.556" /><testcase classname="tests.test_iteration7.TestContactsRoleGates" name="test_update_finance_forbidden" time="0.500" /><testcase classname="tests.test_iteration7.TestContactsRoleGates" name="test_delete_finance_forbidden" time="0.410" /><testcase classname="tests.test_iteration7.TestContactsRoleGates" name="test_delete_owner_removes" time="0.434" /><testcase classname="tests.test_iteration7.TestContactsWorkflowLink" name="test_seeded_workflows_linked" time="0.387" /><testcase classname="tests.test_iteration7.TestContactsWorkflowLink" name="test_create_workflow_with_contact_copies_counterparty" time="0.284" /><testcase classname="tests.test_iteration7.TestContactsBrainAndAsk" name="test_brain_search_returns_contacts" time="0.145" /><testcase classname="tests.test_iteration7.TestContactsBrainAndAsk" name="test_ask_ai_answers_from_contact" time="2.574" /><testcase classname="tests.test_iteration7.TestMultilingualVoice" name="test_tamil_script_text_extraction" time="9.083" /><testcase classname="tests.test_iteration7.TestMultilingualVoice" name="test_language_en_still_works" time="6.756" /></testsuite></testsuites>