<?xml version="1.0" encoding="utf-8"?><testsuites name="pytest tests"><testsuite name="pytest" errors="0" failures="1" skipped="0" tests="7" time="2.281" timestamp="2026-07-29T18:16:29.582763+00:00" hostname="agent-env-07e7a341-a91d-4a74-a34e-2f86d2e35db8"><testcase classname="tests.test_iteration72_finance_ops.TestOwnerBriefFinance" name="test_owner_brief_has_finance_counters" time="0.771" /><testcase classname="tests.test_iteration72_finance_ops.TestFinanceTasks" name="test_finance_tasks_created" time="0.970" /><testcase classname="tests.test_iteration72_finance_ops.TestOwnerBriefFinance" name="test_owner_drill_receivables_overdue" time="0.121"><failure message="AssertionError: item missing amount: {'id': '5044db9b-a2cc-4dc9-b17c-7ed1d9250b2c', 'kind': 'receivable', 'title': 'Tanmy sharma · 62', 'subtitle': 'Overdue since 2026-06-06', 'meta': 1028.97}&#10;assert False&#10; +  where False = any(&lt;generator object TestOwnerBriefFinance.test_owner_drill_receivables_overdue.&lt;locals&gt;.&lt;genexpr&gt; at 0xfcf4660f6c00&gt;)">backend/tests/test_iteration72_finance_ops.py:68: in test_owner_drill_receivables_overdue
    assert any(k in first for k in ["amount", "amount_inr", "value", "total"]), f"item missing amount: {first}"
E   AssertionError: item missing amount: {'id': '5044db9b-a2cc-4dc9-b17c-7ed1d9250b2c', 'kind': 'receivable', 'title': 'Tanmy sharma · 62', 'subtitle': 'Overdue since 2026-06-06', 'meta': 1028.97}
E   assert False
E    +  where False = any(&lt;generator object TestOwnerBriefFinance.test_owner_drill_receivables_overdue.&lt;locals&gt;.&lt;genexpr&gt; at 0xfcf4660f6c00&gt;)</failure></testcase><testcase classname="tests.test_iteration72_finance_ops.TestOwnerBriefFinance" name="test_owner_drill_bills_due" time="0.086" /><testcase classname="tests.test_iteration72_finance_ops.TestFinanceTasks" name="test_finance_tasks_idempotent" time="0.344" /><testcase classname="tests.test_iteration72_finance_ops.TestOwnerBriefFinance" name="test_owner_drill_unmatched_payments" time="0.077" /><testcase classname="tests.test_iteration72_finance_ops.TestNonOwnerGating" name="test_finance_role_gated_empty_items" time="0.588" /></testsuite></testsuites>