<?xml version="1.0" encoding="utf-8"?><testsuites name="pytest tests"><testsuite name="pytest" errors="0" failures="0" skipped="0" tests="10" time="3.629" timestamp="2026-07-08T10:10:55.804102+00:00" hostname="agent-env-07e7a341-a91d-4a74-a34e-2f86d2e35db8"><testcase classname="tests.test_iteration22" name="test_production_mine_true_no_other_member_leakage" time="1.461" /><testcase classname="tests.test_iteration22" name="test_production_mine_true_composition" time="0.107" /><testcase classname="tests.test_iteration22" name="test_production_team_board_shows_full_role_lane" time="0.229" /><testcase classname="tests.test_iteration22" name="test_production_team_board_has_other_production_members" time="0.102" /><testcase classname="tests.test_iteration22" name="test_owner_full_board_shows_all_roles" time="0.249" /><testcase classname="tests.test_iteration22" name="test_owner_mine_true_only_own_or_unclaimed_owner_pool" time="0.096" /><testcase classname="tests.test_iteration22" name="test_production_never_sees_sales_or_finance_role_tasks" time="0.206" /><testcase classname="tests.test_iteration22" name="test_sales_mine_true_no_leakage" time="0.104" /><testcase classname="tests.test_iteration22" name="test_finance_mine_true_no_leakage" time="0.096" /><testcase classname="tests.test_iteration22" name="test_targeted_other_production_member_task_not_leaked" time="0.643" /></testsuite></testsuites>