<?xml version="1.0" encoding="utf-8"?><testsuites name="pytest tests"><testsuite name="pytest" errors="0" failures="0" skipped="0" tests="12" time="18.758" timestamp="2026-07-08T09:36:09.755931+00:00" hostname="agent-env-07e7a341-a91d-4a74-a34e-2f86d2e35db8"><testcase classname="tests.test_iteration20.TestGenerate" name="test_generate_plan_by_role_assignee" time="6.551" /><testcase classname="tests.test_iteration20.TestPatch" name="test_patch_edit_add_remove_reorder_and_status_transitions" time="7.280" /><testcase classname="tests.test_iteration20.TestGenerate" name="test_generate_by_owner" time="6.030" /><testcase classname="tests.test_iteration20.TestPatch" name="test_patch_forbidden_for_other_role" time="0.521" /><testcase classname="tests.test_iteration20.TestPatch" name="test_patch_all_empty_steps_dropped" time="0.202" /><testcase classname="tests.test_iteration20.TestAsk" name="test_ask_step_returns_suggestion_and_objections" time="10.082" /><testcase classname="tests.test_iteration20.TestGenerate" name="test_generate_forbidden_for_other_role" time="0.588" /><testcase classname="tests.test_iteration20.TestGenerate" name="test_generate_404_missing_task" time="0.096" /><testcase classname="tests.test_iteration20.TestRegression" name="test_role_scoped_task_visibility" time="0.103" /><testcase classname="tests.test_iteration20.TestRegression" name="test_task_patch_complete_still_works" time="0.195" /><testcase classname="tests.test_iteration20.TestAsk" name="test_ask_step_forbidden_for_other_role" time="0.233" /><testcase classname="tests.test_iteration20.TestAsk" name="test_ask_step_404_missing_task" time="0.115" /></testsuite></testsuites>