<?xml version="1.0" encoding="utf-8"?><testsuites name="pytest tests"><testsuite name="pytest" errors="0" failures="0" skipped="0" tests="47" time="32.332" timestamp="2026-08-03T12:56:57.843071+00:00" hostname="agent-env-07e7a341-a91d-4a74-a34e-2f86d2e35db8"><testcase classname="tests.test_iteration83_brief_team_refactor.TestUsers" name="test_list_no_secret_leak" time="0.687" /><testcase classname="tests.test_iteration83_brief_team_refactor.TestLeavesCRUD" name="test_create_casual_leave_and_notify_approver" time="1.023" /><testcase classname="tests.test_iteration83_brief_team_refactor.TestUsers" name="test_create_user_sales_with_phone_returns_invite_token" time="0.437" /><testcase classname="tests.test_iteration83_brief_team_refactor.TestLeavesCRUD" name="test_create_absence_report" time="0.103" /><testcase classname="tests.test_iteration83_brief_team_refactor.TestLeavesCRUD" name="test_create_leave_bad_date_range" time="0.322" /><testcase classname="tests.test_iteration83_brief_team_refactor.TestUsers" name="test_create_owner_by_non_owner_forbidden" time="0.673" /><testcase classname="tests.test_iteration83_brief_team_refactor.TestLeavesCRUD" name="test_create_leave_bad_type" time="0.159" /><testcase classname="tests.test_iteration83_brief_team_refactor.TestLeavesCRUD" name="test_list_leaves_scope_mine" time="0.111" /><testcase classname="tests.test_iteration83_brief_team_refactor.TestUsers" name="test_invite_regenerate_requires_phone" time="0.253" /><testcase classname="tests.test_iteration83_brief_team_refactor.TestLeavesCRUD" name="test_list_leaves_scope_all_owner" time="0.430" /><testcase classname="tests.test_iteration83_brief_team_refactor.TestUsers" name="test_invite_regenerate_ok" time="0.145" /><testcase classname="tests.test_iteration83_brief_team_refactor.TestLeavesCRUD" name="test_list_leaves_scope_all_non_approver_scopes_to_self" time="0.101" /><testcase classname="tests.test_iteration83_brief_team_refactor.TestUsers" name="test_patch_role_cannot_demote_last_owner" time="0.105" /><testcase classname="tests.test_iteration83_brief_team_refactor.TestLeavesCRUD" name="test_on_leave_today" time="0.104" /><testcase classname="tests.test_iteration83_brief_team_refactor.TestBriefDetails" name="test_details_delayed" time="0.112" /><testcase classname="tests.test_iteration83_brief_team_refactor.TestLeavesCRUD" name="test_get_leave_403_for_outsider" time="4.206" /><testcase classname="tests.test_iteration83_brief_team_refactor.TestBriefDetails" name="test_details_awaiting_approval" time="0.102" /><testcase classname="tests.test_iteration83_brief_team_refactor.TestBriefDetails" name="test_details_receivables_overdue_meta_is_remaining" time="0.098" /><testcase classname="tests.test_iteration83_brief_team_refactor.TestBriefDetails" name="test_details_on_leave" time="0.108" /><testcase classname="tests.test_iteration83_brief_team_refactor.TestBriefDetails" name="test_details_sales_owner_only_lockdown" time="0.097" /><testcase classname="tests.test_iteration83_brief_team_refactor.TestImportBootSanity" name="test_models_team_importable" time="0.046" /><testcase classname="tests.test_iteration83_brief_team_refactor.TestImportBootSanity" name="test_routers_brief_importable" time="0.139" /><testcase classname="tests.test_iteration83_brief_team_refactor.TestImportBootSanity" name="test_routers_team_importable" time="0.005" /><testcase classname="tests.test_iteration83_brief_team_refactor.TestImportBootSanity" name="test_server_still_owns_cross_domain_helpers" time="1.606" /><testcase classname="tests.test_iteration83_brief_team_refactor.TestNotifications" name="test_list_shape" time="0.111" /><testcase classname="tests.test_iteration83_brief_team_refactor.TestNotifications" name="test_read_single" time="0.103" /><testcase classname="tests.test_iteration83_brief_team_refactor.TestNotifications" name="test_read_all" time="0.100" /><testcase classname="tests.test_iteration83_brief_team_refactor.TestAttendance" name="test_mark_attendance_owner" time="0.100" /><testcase classname="tests.test_iteration83_brief_team_refactor.TestAttendance" name="test_mark_attendance_sales_forbidden" time="0.131" /><testcase classname="tests.test_iteration83_brief_team_refactor.TestAttendance" name="test_get_attendance_defaults_today" time="0.095" /><testcase classname="tests.test_iteration83_brief_team_refactor.TestLeavesDecisions" name="test_approve_flow" time="0.210" /><testcase classname="tests.test_iteration83_brief_team_refactor.TestLeavesDecisions" name="test_reject_flow_records_note" time="0.210" /><testcase classname="tests.test_iteration83_brief_team_refactor.TestLeavesDecisions" name="test_request_info_flow" time="0.222" /><testcase classname="tests.test_iteration83_brief_team_refactor.TestBriefOwner" name="test_brief_owner_default_morning" time="0.106" /><testcase classname="tests.test_iteration83_brief_team_refactor.TestBriefOwner" name="test_brief_owner_weekly_completed_label" time="0.109" /><testcase classname="tests.test_iteration83_brief_team_refactor.TestBriefNonOwner" name="test_brief_sales_counter_set" time="0.101" /><testcase classname="tests.test_iteration83_brief_team_refactor.TestBriefNonOwner" name="test_brief_finance_counter_set" time="0.433" /><testcase classname="tests.test_iteration83_brief_team_refactor.TestLeavesCRUD" name="test_get_leave_404_unknown" time="0.147" /><testcase classname="tests.test_iteration83_brief_team_refactor.TestBriefSendDigest" name="test_send_digest_owner" time="1.160" /><testcase classname="tests.test_iteration83_brief_team_refactor.TestCrossDomainRegression" name="test_tasks_ok" time="0.140" /><testcase classname="tests.test_iteration83_brief_team_refactor.TestCrossDomainRegression" name="test_decisions_ok" time="0.124" /><testcase classname="tests.test_iteration83_brief_team_refactor.TestCrossDomainRegression" name="test_inbox_ok" time="0.102" /><testcase classname="tests.test_iteration83_brief_team_refactor.TestCrossDomainRegression" name="test_calendar_ok" time="0.107" /><testcase classname="tests.test_iteration83_brief_team_refactor.TestCrossDomainRegression" name="test_brain_documents_ok" time="0.108" /><testcase classname="tests.test_iteration83_brief_team_refactor.TestLeaveApproversStillInServer" name="test_patch_leave_approvers_ok" time="0.116" /><testcase classname="tests.test_iteration83_brief_team_refactor.TestBriefSendDigest" name="test_send_digest_sales_forbidden" time="0.103" /><testcase classname="tests.test_iteration83_brief_team_refactor.TestLeaveImpactAI" name="test_impact_shape_and_valid_assignee_filter" time="23.275" /></testsuite></testsuites>