<?xml version="1.0" encoding="utf-8"?><testsuites name="pytest tests"><testsuite name="pytest" errors="0" failures="0" skipped="0" tests="10" time="3.497" timestamp="2026-07-15T08:57:50.510168+00:00" hostname="agent-env-07e7a341-a91d-4a74-a34e-2f86d2e35db8"><testcase classname="tests.test_iteration49_decision_comments.TestDecisionRaisedByAndFetch" name="test_get_decisions_list_has_source_and_created_by_name" time="0.772" /><testcase classname="tests.test_iteration49_decision_comments.TestDecisionCommentAccess" name="test_owner_can_comment" time="0.830" /><testcase classname="tests.test_iteration49_decision_comments.TestDecisionRaisedByAndFetch" name="test_get_decision_detail_shape" time="0.112" /><testcase classname="tests.test_iteration49_decision_comments.TestDecisionCommentAccess" name="test_owner_empty_comment_rejected" time="0.140" /><testcase classname="tests.test_iteration49_decision_comments.TestDecisionRaisedByAndFetch" name="test_get_decision_missing_id_404" time="0.043" /><testcase classname="tests.test_iteration49_decision_comments.TestDecisionCommentAccess" name="test_comment_missing_decision_id_404" time="0.043" /><testcase classname="tests.test_iteration49_decision_comments.TestDecisionCommentNotifications" name="test_participant_gets_comment_notification" time="1.326" /><testcase classname="tests.test_iteration49_decision_comments.TestDecisionCommentAccess" name="test_non_participant_sales_gets_403" time="0.686" /><testcase classname="tests.test_iteration49_decision_comments.TestDecisionCommentNotifications" name="test_commenter_does_not_receive_own_notification" time="0.699" /><testcase classname="tests.test_iteration49_decision_comments.TestDecisionCommentPersistence" name="test_comment_persists_across_get" time="0.192" /></testsuite></testsuites>