<?xml version="1.0" encoding="utf-8"?><testsuites name="pytest tests"><testsuite name="pytest" errors="0" failures="0" skipped="0" tests="5" time="23.699" timestamp="2026-07-30T19:05:11.915212+00:00" hostname="agent-env-07e7a341-a91d-4a74-a34e-2f86d2e35db8"><testcase classname="tests.test_iteration76_signup_fixes.TestTTS" name="test_tts_returns_wav_bytes" time="2.521" /><testcase classname="tests.test_iteration76_signup_fixes.TestInterviewFlow" name="test_a_start_is_instant_and_returns_fixed_opener" time="0.255" /><testcase classname="tests.test_iteration76_signup_fixes.TestInterviewFlow" name="test_b_answer_returns_operational_followup" time="3.233" /><testcase classname="tests.test_iteration76_signup_fixes.TestInterviewFlow" name="test_c_second_answer_progresses" time="2.175" /><testcase classname="tests.test_iteration76_signup_fixes.TestInterviewFlow" name="test_d_blueprint_returns_full_os" time="17.688" /></testsuite></testsuites>