<?xml version="1.0" encoding="utf-8"?><testsuites name="pytest tests"><testsuite name="pytest" errors="0" failures="0" skipped="0" tests="12" time="36.733" timestamp="2026-07-29T16:00:29.298785+00:00" hostname="agent-env-07e7a341-a91d-4a74-a34e-2f86d2e35db8"><testcase classname="tests.test_iteration68_revenue" name="test_sales_forbidden" time="0.693" /><testcase classname="tests.test_iteration68_revenue" name="test_owner_can_list_revenue" time="0.543" /><testcase classname="tests.test_iteration68_revenue" name="test_finance_can_list_revenue" time="0.558" /><testcase classname="tests.test_iteration68_revenue" name="test_add_revenue_empty_400" time="0.201" /><testcase classname="tests.test_iteration68_revenue" name="test_add_revenue_unpaid_creates_only_invoice" time="0.304" /><testcase classname="tests.test_iteration68_revenue" name="test_add_revenue_paid_creates_invoice_and_payment" time="0.448" /><testcase classname="tests.test_iteration68_revenue" name="test_delete_revenue_invoice_removes_linked_payment" time="0.440" /><testcase classname="tests.test_iteration68_revenue" name="test_ledger_summary_has_revenue_and_net_profit" time="0.118" /><testcase classname="tests.test_iteration68_revenue" name="test_ai_revenue_insight" time="15.968" /><testcase classname="tests.test_iteration68_revenue" name="test_ai_brief" time="15.103" /><testcase classname="tests.test_iteration68_revenue" name="test_guess_asset_category_maps_correctly" time="1.764" /><testcase classname="tests.test_iteration68_revenue" name="test_zzz_cleanup" time="0.504" /></testsuite></testsuites>