<?xml version="1.0" encoding="utf-8"?><testsuites name="pytest tests"><testsuite name="pytest" errors="0" failures="0" skipped="0" tests="30" time="17.002" timestamp="2026-08-01T21:21:41.510028+00:00" hostname="agent-env-07e7a341-a91d-4a74-a34e-2f86d2e35db8"><testcase classname="tests.test_iteration80_phaseb_refactor.TestDecisionsRouter" name="test_list_decisions_200" time="0.634" /><testcase classname="tests.test_iteration80_phaseb_refactor.TestBrainEndpoints" name="test_brain_context_get" time="0.718" /><testcase classname="tests.test_iteration80_phaseb_refactor.TestDecisionsRouter" name="test_list_decisions_status_filter" time="0.156" /><testcase classname="tests.test_iteration80_phaseb_refactor.TestBrainEndpoints" name="test_brain_documents_get" time="0.104" /><testcase classname="tests.test_iteration80_phaseb_refactor.TestDecisionsRouter" name="test_get_decision_invalid_returns_404" time="0.101" /><testcase classname="tests.test_iteration80_phaseb_refactor.TestBrainEndpoints" name="test_ask_owner_200" time="6.888" /><testcase classname="tests.test_iteration80_phaseb_refactor.TestDecisionsRouter" name="test_journal_200" time="0.111" /><testcase classname="tests.test_iteration80_phaseb_refactor.TestDecisionsRouter" name="test_journal_with_query" time="0.114" /><testcase classname="tests.test_iteration80_phaseb_refactor.TestDecisionsRouter" name="test_get_decision_and_timeline" time="0.320" /><testcase classname="tests.test_iteration80_phaseb_refactor.TestDecisionsRouter" name="test_sales_cannot_approve_decision" time="0.479" /><testcase classname="tests.test_iteration80_phaseb_refactor.TestDecisionsRouter" name="test_sales_cannot_reject_decision" time="0.105" /><testcase classname="tests.test_iteration80_phaseb_refactor.TestDecisionsRouter" name="test_add_task_to_decision" time="0.153" /><testcase classname="tests.test_iteration80_phaseb_refactor.TestDecisionsRouter" name="test_comment_on_decision_participant_only" time="0.412" /><testcase classname="tests.test_iteration80_phaseb_refactor.TestDecisionsRouter" name="test_approve_decision_and_unblock_tasks" time="0.220" /><testcase classname="tests.test_iteration80_phaseb_refactor.TestDecisionsRouter" name="test_reject_decision_cascades_deletes" time="0.222" /><testcase classname="tests.test_iteration80_phaseb_refactor.TestTasksRouter" name="test_list_tasks" time="0.127" /><testcase classname="tests.test_iteration80_phaseb_refactor.TestTasksRouter" name="test_task_detail_has_enriched_fields" time="0.235" /><testcase classname="tests.test_iteration80_phaseb_refactor.TestTasksRouter" name="test_create_patch_delete_task" time="0.415" /><testcase classname="tests.test_iteration80_phaseb_refactor.TestTasksRouter" name="test_sales_cannot_delete_task" time="0.317" /><testcase classname="tests.test_iteration80_phaseb_refactor.TestAuth" name="test_owner_login_and_me" time="0.111" /><testcase classname="tests.test_iteration80_phaseb_refactor.TestAuth" name="test_sales_login_and_me" time="0.119" /><testcase classname="tests.test_iteration80_phaseb_refactor.TestAuth" name="test_finance_login_and_me" time="0.443" /><testcase classname="tests.test_iteration80_phaseb_refactor.TestBriefInbox" name="test_brief_owner_200" time="0.126" /><testcase classname="tests.test_iteration80_phaseb_refactor.TestBriefInbox" name="test_inbox_no_500" time="0.576" /><testcase classname="tests.test_iteration80_phaseb_refactor.TestImportSanity" name="test_services_and_shims_import" time="0.497" /><testcase classname="tests.test_iteration80_phaseb_refactor.TestObjectStorage" name="test_upload_and_download" time="1.061" /><testcase classname="tests.test_iteration80_phaseb_refactor.TestBrainContextCapture" name="test_new_context_row_appears_after_decision_approve" time="1.135" /><testcase classname="tests.test_iteration80_phaseb_refactor.TestBrainEndpoints" name="test_ask_sales_finance_denied" time="0.426" /><testcase classname="tests.test_iteration80_phaseb_refactor.TestBrainEndpoints" name="test_brain_agent_owner_200" time="7.973" /><testcase classname="tests.test_iteration80_phaseb_refactor.TestSharmaDedup" name="test_at_most_one_chase_task_for_inv_2045" time="0.119" /></testsuite></testsuites>