<?xml version="1.0" encoding="utf-8"?><testsuites name="pytest tests"><testsuite name="pytest" errors="0" failures="0" skipped="0" tests="29" time="49.940" timestamp="2026-07-21T11:29:32.801606+00:00" hostname="agent-env-07e7a341-a91d-4a74-a34e-2f86d2e35db8"><testcase classname="tests.test_iteration57_capability_verification.TestAuth" name="test_login_returns_token_and_user" time="0.485" /><testcase classname="tests.test_iteration57_capability_verification.TestAuth" name="test_login_sets_cookie" time="0.448" /><testcase classname="tests.test_iteration57_capability_verification.TestClaim6FinanceAI" name="test_ledger_ai_brief_shape" time="0.932" /><testcase classname="tests.test_iteration57_capability_verification.TestClaim6FinanceAI" name="test_ledger_ai_refresh_updates_generated_at" time="14.700" /><testcase classname="tests.test_iteration57_capability_verification.TestAuth" name="test_protected_route_rejects_no_token" time="0.098" /><testcase classname="tests.test_iteration57_capability_verification.TestAuth" name="test_protected_route_rejects_bad_token" time="0.100" /><testcase classname="tests.test_iteration57_capability_verification.TestAuth" name="test_me_ok_with_valid_token" time="0.096" /><testcase classname="tests.test_iteration57_capability_verification.TestClaim8BriefLeaveRbac" name="test_ceo_brief" time="0.120" /><testcase classname="tests.test_iteration57_capability_verification.TestClaim8BriefLeaveRbac" name="test_leave_request_and_approval" time="0.537" /><testcase classname="tests.test_iteration57_capability_verification.TestClaim8BriefLeaveRbac" name="test_rbac_sales_forbidden_on_ledger" time="0.747" /><testcase classname="tests.test_iteration57_capability_verification.TestClaim8BriefLeaveRbac" name="test_rbac_owner_200_on_ledger" time="0.547" /><testcase classname="tests.test_iteration57_capability_verification.TestClaim8BriefLeaveRbac" name="test_rbac_finance_200_on_ledger" time="0.607" /><testcase classname="tests.test_iteration57_capability_verification.TestClaim4ExecutionEngine" name="test_create_and_update_task" time="0.208" /><testcase classname="tests.test_iteration57_capability_verification.TestClaim4ExecutionEngine" name="test_generate_execution_plan" time="6.010" /><testcase classname="tests.test_iteration57_capability_verification.TestClaim4ExecutionEngine" name="test_task_attachment_upload" time="0.359" /><testcase classname="tests.test_iteration57_capability_verification.TestClaim4ExecutionEngine" name="test_task_update_handoff_creates_activity_trail" time="0.197" /><testcase classname="tests.test_iteration57_capability_verification.TestClaim2SmartRouting" name="test_captures_endpoint_lists_pending_review_items" time="0.095" /><testcase classname="tests.test_iteration57_capability_verification.TestClaim2SmartRouting" name="test_captures_pending_count" time="0.112" /><testcase classname="tests.test_iteration57_capability_verification.TestClaim2SmartRouting" name="test_inbox_lists_ingested_items" time="5.900" /><testcase classname="tests.test_iteration57_capability_verification.TestClaim6FinanceAI" name="test_ledger_ask_grounded_answer" time="2.216" /><testcase classname="tests.test_iteration57_capability_verification.TestClaim5CompanyBrain" name="test_brain_search_returns_all_categories" time="0.129" /><testcase classname="tests.test_iteration57_capability_verification.TestClaim5CompanyBrain" name="test_ask_ai_answers_from_data" time="11.349" /><testcase classname="tests.test_iteration57_capability_verification.TestClaim6FinanceAI" name="test_ledger_ask_empty_400" time="0.110" /><testcase classname="tests.test_iteration57_capability_verification.TestClaim6FinanceAI" name="test_expense_with_file_ocr_and_persists_attachment" time="3.844" /><testcase classname="tests.test_iteration57_capability_verification.TestClaim1TextCapture" name="test_text_capture_creates_note_and_extracts_structured_decision" time="6.537" /><testcase classname="tests.test_iteration57_capability_verification.TestClaim7OperatingScore" name="test_operating_score_shape" time="0.108" /><testcase classname="tests.test_iteration57_capability_verification.TestClaim7OperatingScore" name="test_work_coach_returns_stats_for_member" time="0.703" /><testcase classname="tests.test_iteration57_capability_verification.TestClaim1bDocumentOCR" name="test_invoice_image_ingest_extracts_records" time="11.298" /><testcase classname="tests.test_iteration57_capability_verification.TestClaim3ReviewExecute" name="test_ingestion_commit_creates_downstream_records_and_rolls_up_expense" time="9.878" /></testsuite></testsuites>