<?xml version="1.0" encoding="utf-8"?><testsuites name="pytest tests"><testsuite name="pytest" errors="0" failures="0" skipped="0" tests="12" time="9.229" timestamp="2026-07-15T07:57:22.778809+00:00" hostname="agent-env-07e7a341-a91d-4a74-a34e-2f86d2e35db8"><testcase classname="tests.test_iteration47_approval.TestAuth" name="test_login_and_me" time="0.690" /><testcase classname="tests.test_iteration47_approval.TestApprovalFlow" name="test_full_no_approver_role_based" time="3.214" /><testcase classname="tests.test_iteration47_approval.TestAuth" name="test_logout_clears_cookie" time="0.451" /><testcase classname="tests.test_iteration47_approval.TestPermsSetup" name="test_grant_approvals_to_finance" time="0.454" /><testcase classname="tests.test_iteration47_approval.TestPermsSetup" name="test_deny_approvals_to_sales" time="0.570" /><testcase classname="tests.test_iteration47_approval.TestExecutionPlan" name="test_generate_accept_delete" time="5.201" /><testcase classname="tests.test_iteration47_approval.TestApprovalFlow" name="test_specific_approver_id" time="0.995" /><testcase classname="tests.test_iteration47_approval.TestApprovalFlow" name="test_finance_as_approver" time="1.318" /><testcase classname="tests.test_iteration47_approval.TestApprovalFlow" name="test_reject_flow" time="0.564" /><testcase classname="tests.test_iteration47_approval.TestExecutionPlan" name="test_manual_plan_save" time="0.433" /><testcase classname="tests.test_iteration47_approval.TestNonApprovalRegression" name="test_normal_task_flow" time="0.434" /><testcase classname="tests.test_iteration47_approval.TestNonApprovalRegression" name="test_list_no_id_leak" time="0.443" /></testsuite></testsuites>