<?xml version="1.0" encoding="utf-8"?><testsuites name="pytest tests"><testsuite name="pytest" errors="0" failures="0" skipped="0" tests="30" time="4.702" timestamp="2026-07-08T14:39:10.704069+00:00" hostname="agent-env-07e7a341-a91d-4a74-a34e-2f86d2e35db8"><testcase classname="tests.test_iteration27.TestAuth" name="test_owner_login" time="0.546" /><testcase classname="tests.test_iteration27.TestAuth" name="test_prod_login" time="0.361" /><testcase classname="tests.test_iteration27.TestAuth" name="test_owner_me_role" time="0.106" /><testcase classname="tests.test_iteration27.TestAuth" name="test_prod_me_role" time="0.102" /><testcase classname="tests.test_iteration27.TestRBACOperatingScore" name="test_employee_forbidden" time="0.139" /><testcase classname="tests.test_iteration27.TestRBACOperatingScore" name="test_owner_allowed" time="0.123" /><testcase classname="tests.test_iteration27.TestRBACInvoices" name="test_employee_forbidden" time="0.140" /><testcase classname="tests.test_iteration27.TestRBACInvoices" name="test_owner_allowed" time="0.139" /><testcase classname="tests.test_iteration27.TestRBACBrain" name="test_employee_allowed" time="0.184" /><testcase classname="tests.test_iteration27.TestRBACBrain" name="test_owner_allowed" time="0.162" /><testcase classname="tests.test_iteration27.TestRBACContacts" name="test_employee_forbidden_on_contacts" time="0.109" /><testcase classname="tests.test_iteration27.TestRBACContacts" name="test_owner_allowed_contacts" time="0.101" /><testcase classname="tests.test_iteration27.TestBriefOwner" name="test_shape_and_role" time="0.109" /><testcase classname="tests.test_iteration27.TestBriefEmployee" name="test_shape_and_role" time="0.109" /><testcase classname="tests.test_iteration27.TestBriefDetailsEmployeeBlocked" name="test_owner_only_keys_return_empty_for_employee[awaiting_approval]" time="0.145" /><testcase classname="tests.test_iteration27.TestBriefDetailsEmployeeBlocked" name="test_owner_only_keys_return_empty_for_employee[absent]" time="0.120" /><testcase classname="tests.test_iteration27.TestBriefDetailsEmployeeBlocked" name="test_owner_only_keys_return_empty_for_employee[complaints]" time="0.108" /><testcase classname="tests.test_iteration27.TestBriefDetailsEmployeeBlocked" name="test_owner_only_keys_return_empty_for_employee[payment_overdue]" time="0.100" /><testcase classname="tests.test_iteration27.TestBriefDetailsEmployeeBlocked" name="test_owner_only_keys_return_empty_for_employee[fires]" time="0.113" /><testcase classname="tests.test_iteration27.TestBriefDetailsEmployeeScoped" name="test_personal_keys_return_shape[delayed]" time="0.100" /><testcase classname="tests.test_iteration27.TestBriefDetailsEmployeeScoped" name="test_personal_keys_return_shape[todo]" time="0.102" /><testcase classname="tests.test_iteration27.TestBriefDetailsEmployeeScoped" name="test_personal_keys_return_shape[in_progress]" time="0.103" /><testcase classname="tests.test_iteration27.TestBriefDetailsEmployeeScoped" name="test_personal_keys_return_shape[completed]" time="0.164" /><testcase classname="tests.test_iteration27.TestBriefDetailsEmployeeScoped" name="test_personal_keys_return_shape[escalations]" time="0.108" /><testcase classname="tests.test_iteration27.TestBriefDetailsEmployeeScoped" name="test_personal_keys_return_shape[handoffs]" time="0.112" /><testcase classname="tests.test_iteration27.TestBriefDetailsOwner" name="test_owner_fires_key_returns_shape" time="0.108" /><testcase classname="tests.test_iteration27.TestTenantUpdate" name="test_owner_can_read_tenant" time="0.109" /><testcase classname="tests.test_iteration27.TestTenantUpdate" name="test_owner_patch_tenant" time="0.382" /><testcase classname="tests.test_iteration27.TestTenantUpdate" name="test_employee_cannot_patch_tenant" time="0.196" /><testcase classname="tests.test_iteration27.TestIngestRBAC" name="test_employee_forbidden_ingest" time="0.103" /></testsuite></testsuites>