<?xml version="1.0" encoding="utf-8"?><testsuites name="pytest tests"><testsuite name="pytest" errors="0" failures="0" skipped="0" tests="9" time="89.722" timestamp="2026-08-01T05:56:19.747513+00:00" hostname="agent-env-07e7a341-a91d-4a74-a34e-2f86d2e35db8"><testcase classname="tests.test_iteration78_dynamic_interview.TestInterviewStartMax" name="test_start_en_returns_max_6" time="0.160" /><testcase classname="tests.test_iteration78_dynamic_interview.TestBlueprintAndRefine" name="test_1_blueprint_returns_all_required_keys" time="46.880" /><testcase classname="tests.test_iteration78_dynamic_interview.TestInterviewStartMax" name="test_start_hindi_returns_max_6" time="0.045" /><testcase classname="tests.test_iteration78_dynamic_interview.TestSizeIndustryConditioning" name="test_salon_vs_manufacturer_yield_different_questions" time="8.084" /><testcase classname="tests.test_iteration78_dynamic_interview.TestHardCap" name="test_interview_hard_caps_at_6" time="15.288" /><testcase classname="tests.test_iteration78_dynamic_interview.TestEarlyEndCapability" name="test_clear_picture_can_end_before_max" time="34.552" /><testcase classname="tests.test_iteration78_dynamic_interview.TestBlueprintAndRefine" name="test_2_refine_adds_workflow_and_persists" time="42.400" /><testcase classname="tests.test_iteration78_dynamic_interview.TestBlueprintAndRefine" name="test_3_refine_empty_returns_400" time="0.044" /><testcase classname="tests.test_iteration78_dynamic_interview.TestBlueprintAndRefine" name="test_4_refine_bad_session_returns_404" time="0.042" /></testsuite></testsuites>