<?xml version="1.0" encoding="utf-8"?><testsuites name="pytest tests"><testsuite name="pytest" errors="0" failures="0" skipped="0" tests="14" time="22.692" timestamp="2026-07-10T12:15:41.756107+00:00" hostname="agent-env-07e7a341-a91d-4a74-a34e-2f86d2e35db8"><testcase classname="tests.test_iteration44_os_blueprint.TestOsBlueprintGen" name="test_shape" time="19.959" /><testcase classname="tests.test_iteration44_os_blueprint.TestOsBlueprintGen" name="test_content_counts" time="0.000" /><testcase classname="tests.test_iteration44_os_blueprint.TestOsBlueprintGen" name="test_department_shape" time="0.000" /><testcase classname="tests.test_iteration44_os_blueprint.TestOsBlueprintGen" name="test_workflow_shape" time="0.000" /><testcase classname="tests.test_iteration44_os_blueprint.TestOsBlueprintGen" name="test_optask_shape" time="0.000" /><testcase classname="tests.test_iteration44_os_blueprint.TestOsBlueprintGen" name="test_rule_shape" time="0.000" /><testcase classname="tests.test_iteration44_os_blueprint.TestPatchOsBlueprint" name="test_add_workflow_persists" time="0.752" /><testcase classname="tests.test_iteration44_os_blueprint.TestPatchOsBlueprint" name="test_update_rules" time="0.060" /><testcase classname="tests.test_iteration44_os_blueprint.TestPatchOsBlueprint" name="test_update_optasks" time="0.056" /><testcase classname="tests.test_iteration44_os_blueprint.TestLegacyOwner" name="test_legacy_owner_can_still_patch" time="0.381" /><testcase classname="tests.test_iteration44_os_blueprint.TestRegisterWithBlueprint" name="test_returns_os_summary" time="22.167" /><testcase classname="tests.test_iteration44_os_blueprint.TestRegisterWithBlueprint" name="test_departments_became_roles" time="0.000" /><testcase classname="tests.test_iteration44_os_blueprint.TestRegisterWithBlueprint" name="test_templates_stored_on_tenant" time="0.000" /><testcase classname="tests.test_iteration44_os_blueprint.TestRegisterWithBlueprint" name="test_duplicate_email_rejected" time="0.136" /></testsuite></testsuites>