<?xml version="1.0" encoding="utf-8"?><testsuites name="pytest tests"><testsuite name="pytest" errors="0" failures="0" skipped="0" tests="12" time="14.309" timestamp="2026-08-01T05:26:56.904188+00:00" hostname="agent-env-07e7a341-a91d-4a74-a34e-2f86d2e35db8"><testcase classname="tests.test_iteration77_signup_lang_back.TestTTSPerLanguage" name="test_tts_returns_valid_wav_bytes[en-IN]" time="3.051" /><testcase classname="tests.test_iteration77_signup_lang_back.TestInterviewStartOpeners" name="test_ta_in_returns_instant_tamil_opener_with_company" time="0.256" /><testcase classname="tests.test_iteration77_signup_lang_back.TestInterviewStartOpeners" name="test_hi_in_empty_founder_name_returns_hindi_opener_without_name" time="0.050" /><testcase classname="tests.test_iteration77_signup_lang_back.TestInterviewStartOpeners" name="test_unknown_language_code_falls_back_to_english" time="0.043" /><testcase classname="tests.test_iteration77_signup_lang_back.TestInterviewStartOpeners" name="test_missing_language_code_defaults_to_english" time="0.044" /><testcase classname="tests.test_iteration77_signup_lang_back.TestInterviewBack" name="test_back_at_q1_returns_400" time="0.086" /><testcase classname="tests.test_iteration77_signup_lang_back.TestInterviewBack" name="test_back_unknown_session_returns_404" time="0.042" /><testcase classname="tests.test_iteration77_signup_lang_back.TestInterviewBack" name="test_back_pops_last_qa_and_reanswer_progresses" time="4.532" /><testcase classname="tests.test_iteration77_signup_lang_back.TestTTSPerLanguage" name="test_tts_returns_valid_wav_bytes[hi-IN]" time="3.652" /><testcase classname="tests.test_iteration77_signup_lang_back.TestInterviewAnswerLangPersists" name="test_answer_returns_tamil_question_language_persists" time="3.543" /><testcase classname="tests.test_iteration77_signup_lang_back.TestTTSPerLanguage" name="test_tts_returns_valid_wav_bytes[ta-IN]" time="3.382" /><testcase classname="tests.test_iteration77_signup_lang_back.TestTTSPerLanguage" name="test_tts_returns_valid_wav_bytes[pa-IN]" time="3.867" /></testsuite></testsuites>