<?xml version="1.0" encoding="utf-8"?><testsuites name="pytest tests"><testsuite name="pytest" errors="0" failures="1" skipped="1" tests="18" time="26.706" timestamp="2026-07-08T07:49:38.412689+00:00" hostname="agent-env-07e7a341-a91d-4a74-a34e-2f86d2e35db8"><testcase classname="tests.test_iteration18.TestJournal" name="test_journal_returns_days_shape" time="0.239" /><testcase classname="tests.test_iteration18.TestJournal" name="test_journal_days_sorted_desc" time="0.005" /><testcase classname="tests.test_iteration18.TestJournal" name="test_journal_search_filter" time="0.004" /><testcase classname="tests.test_iteration18.TestJournal" name="test_journal_search_broad_returns_some" time="0.008" /><testcase classname="tests.test_iteration18.TestJournal" name="test_journal_requires_auth" time="0.001" /><testcase classname="tests.test_iteration18.TestDecisionTimeline" name="test_timeline_shape" time="0.020" /><testcase classname="tests.test_iteration18.TestDecisionTimeline" name="test_timeline_sorted_by_ts" time="0.112"><skipped type="pytest.skip" message="No decision with 2+ timeline events found">/app/backend/tests/test_iteration18.py:132: No decision with 2+ timeline events found</skipped></testcase><testcase classname="tests.test_iteration18.TestDecisionTimeline" name="test_timeline_404" time="0.003" /><testcase classname="tests.test_iteration18.TestDecisionTimeline" name="test_new_voice_decision_has_created_event" time="6.024" /><testcase classname="tests.test_iteration18.TestDecisionTimeline" name="test_approve_pushes_events" time="6.024" /><testcase classname="tests.test_iteration18.TestDecisionTimeline" name="test_reject_pushes_event" time="6.022" /><testcase classname="tests.test_iteration18.TestPrioritize" name="test_prioritize_returns_shape_and_caches" time="8.069" /><testcase classname="tests.test_iteration18.TestPrioritize" name="test_prioritize_score_shape" time="0.005" /><testcase classname="tests.test_iteration18.TestPrioritize" name="test_prioritize_limit_param" time="0.004" /><testcase classname="tests.test_iteration18.TestPrioritize" name="test_prioritize_only_open_tasks" time="0.005" /><testcase classname="tests.test_iteration18.TestRegression" name="test_task_create_update_delete" time="0.013" /><testcase classname="tests.test_iteration18.TestRegression" name="test_decisions_list_status_filter" time="0.026" /><testcase classname="tests.test_iteration18.TestRegression" name="test_auth_me" time="0.003"><failure message="AssertionError: assert None == 'owner@sharma.com'&#10; +  where None = &lt;built-in method get of dict object at 0xf99c9cde1900&gt;('email')&#10; +    where &lt;built-in method get of dict object at 0xf99c9cde1900&gt; = {'user': {'id': 'd4e33825-fc7e-4e16-abca-e09c5dbe2560', 'tenant_id': 'ae79cf8b-d407-494b-94b9-32daf017bb7a', 'name': 'Rajesh Sharma', 'email': 'owner@sharma.com', ...}, 'tenant': {'id': 'ae79cf8b-d407-494b-94b9-32daf017bb7a', 'name': 'Sharma Textiles Pvt Ltd', 'created_at': '2026-07-01T18:54:26.718989+00:00', 'company_size': '11-50', ...}}.get&#10; +      where {'user': {'id': 'd4e33825-fc7e-4e16-abca-e09c5dbe2560', 'tenant_id': 'ae79cf8b-d407-494b-94b9-32daf017bb7a', 'name': 'Rajesh Sharma', 'email': 'owner@sharma.com', ...}, 'tenant': {'id': 'ae79cf8b-d407-494b-94b9-32daf017bb7a', 'name': 'Sharma Textiles Pvt Ltd', 'created_at': '2026-07-01T18:54:26.718989+00:00', 'company_size': '11-50', ...}} = json()&#10; +        where json = &lt;Response [200]&gt;.json">backend/tests/test_iteration18.py:287: in test_auth_me
    assert r.json().get("email") == OWNER_EMAIL
E   AssertionError: assert None == 'owner@sharma.com'
E    +  where None = &lt;built-in method get of dict object at 0xf99c9cde1900&gt;('email')
E    +    where &lt;built-in method get of dict object at 0xf99c9cde1900&gt; = {'user': {'id': 'd4e33825-fc7e-4e16-abca-e09c5dbe2560', 'tenant_id': 'ae79cf8b-d407-494b-94b9-32daf017bb7a', 'name': 'Rajesh Sharma', 'email': 'owner@sharma.com', ...}, 'tenant': {'id': 'ae79cf8b-d407-494b-94b9-32daf017bb7a', 'name': 'Sharma Textiles Pvt Ltd', 'created_at': '2026-07-01T18:54:26.718989+00:00', 'company_size': '11-50', ...}}.get
E    +      where {'user': {'id': 'd4e33825-fc7e-4e16-abca-e09c5dbe2560', 'tenant_id': 'ae79cf8b-d407-494b-94b9-32daf017bb7a', 'name': 'Rajesh Sharma', 'email': 'owner@sharma.com', ...}, 'tenant': {'id': 'ae79cf8b-d407-494b-94b9-32daf017bb7a', 'name': 'Sharma Textiles Pvt Ltd', 'created_at': '2026-07-01T18:54:26.718989+00:00', 'company_size': '11-50', ...}} = json()
E    +        where json = &lt;Response [200]&gt;.json</failure></testcase></testsuite></testsuites>