<?xml version="1.0" encoding="utf-8"?><testsuites name="pytest tests"><testsuite name="pytest" errors="0" failures="0" skipped="0" tests="4" time="19.846" timestamp="2026-07-09T03:29:21.165219+00:00" hostname="agent-env-07e7a341-a91d-4a74-a34e-2f86d2e35db8"><testcase classname="tests.test_iteration31.TestExecutionSummary" name="test_login_owner_returns_jwt" time="0.914" /><testcase classname="tests.test_iteration31.TestExecutionSummary" name="test_multi_directive_execution_summary" time="11.084" /><testcase classname="tests.test_iteration31.TestExecutionSummary" name="test_meeting_detected_creates_source_meeting_task" time="4.605" /><testcase classname="tests.test_iteration31.TestExecutionSummary" name="test_reminder_only_directive" time="3.171" /></testsuite></testsuites>