<?xml version="1.0" encoding="utf-8"?><testsuites name="pytest tests"><testsuite name="pytest" errors="0" failures="0" skipped="0" tests="78" time="41.933" timestamp="2026-08-01T21:43:00.786241+00:00" hostname="agent-env-07e7a341-a91d-4a74-a34e-2f86d2e35db8"><testcase classname="tests.test_iteration80_phaseb_refactor.TestDecisionsRouter" name="test_list_decisions_200" time="0.710" /><testcase classname="tests.test_iteration81_tasks_router.TestCrossDomain" name="test_capture_clarify_still_works" time="5.350" /><testcase classname="tests.test_iteration80_phaseb_refactor.TestDecisionsRouter" name="test_list_decisions_status_filter" time="0.137" /><testcase classname="tests.test_iteration80_phaseb_refactor.TestDecisionsRouter" name="test_get_decision_invalid_returns_404" time="0.104" /><testcase classname="tests.test_iteration80_phaseb_refactor.TestDecisionsRouter" name="test_journal_200" time="0.114" /><testcase classname="tests.test_iteration80_phaseb_refactor.TestDecisionsRouter" name="test_journal_with_query" time="0.109" /><testcase classname="tests.test_iteration80_phaseb_refactor.TestDecisionsRouter" name="test_get_decision_and_timeline" time="0.339" /><testcase classname="tests.test_iteration80_phaseb_refactor.TestDecisionsRouter" name="test_sales_cannot_approve_decision" time="0.422" /><testcase classname="tests.test_iteration80_phaseb_refactor.TestDecisionsRouter" name="test_sales_cannot_reject_decision" time="0.212" /><testcase classname="tests.test_iteration80_phaseb_refactor.TestDecisionsRouter" name="test_add_task_to_decision" time="0.113" /><testcase classname="tests.test_iteration80_phaseb_refactor.TestDecisionsRouter" name="test_comment_on_decision_participant_only" time="0.304" /><testcase classname="tests.test_iteration80_phaseb_refactor.TestDecisionsRouter" name="test_approve_decision_and_unblock_tasks" time="0.216" /><testcase classname="tests.test_iteration80_phaseb_refactor.TestDecisionsRouter" name="test_reject_decision_cascades_deletes" time="0.210" /><testcase classname="tests.test_iteration81_tasks_router.TestReassign" name="test_reassign_by_id" time="0.529" /><testcase classname="tests.test_iteration81_tasks_router.TestReassign" name="test_reassign_by_role" time="0.212" /><testcase classname="tests.test_iteration81_tasks_router.TestReassign" name="test_reassign_empty_400" time="0.202" /><testcase classname="tests.test_iteration81_tasks_router.TestReassign" name="test_reassign_invalid_role_400" time="0.202" /><testcase classname="tests.test_iteration81_tasks_router.TestReassign" name="test_non_owner_no_perm_403" time="0.527" /><testcase classname="tests.test_iteration81_tasks_router.TestApprovalLoop" name="test_approve_400_if_no_approval_required" time="0.218" /><testcase classname="tests.test_iteration81_tasks_router.TestApprovalLoop" name="test_approve_unblocks_blocked" time="0.256" /><testcase classname="tests.test_iteration81_tasks_router.TestApprovalLoop" name="test_approve_403_if_not_approver" time="0.218" /><testcase classname="tests.test_iteration81_tasks_router.TestCrossDomain" name="test_capture_clarify_empty_400" time="0.097" /><testcase classname="tests.test_iteration81_tasks_router.TestApprovalLoop" name="test_reject_keeps_blocked" time="0.244" /><testcase classname="tests.test_iteration81_tasks_router.TestCrossDomain" name="test_decisions_router_still_works" time="0.124" /><testcase classname="tests.test_iteration81_tasks_router.TestCrossDomain" name="test_decisions_add_task_still_works" time="0.104" /><testcase classname="tests.test_iteration81_tasks_router.TestApprovalLoop" name="test_clarify_pushes_update_entry" time="0.344" /><testcase classname="tests.test_iteration81_tasks_router.TestCrossDomain" name="test_brief_ok" time="0.155" /><testcase classname="tests.test_iteration81_tasks_router.TestCrossDomain" name="test_inbox_ok" time="0.099" /><testcase classname="tests.test_iteration81_tasks_router.TestCrossDomain" name="test_brain_documents_ok" time="0.101" /><testcase classname="tests.test_iteration81_tasks_router.TestExecutionPlan" name="test_generate_execution_plan_ai" time="5.001" /><testcase classname="tests.test_iteration81_tasks_router.TestCrossDomain" name="test_workflows_ok" time="0.096" /><testcase classname="tests.test_iteration81_tasks_router.TestUpdatesAndRespond" name="test_note_update" time="0.212" /><testcase classname="tests.test_iteration81_tasks_router.TestUpdatesAndRespond" name="test_handoff_creates_followup" time="0.273" /><testcase classname="tests.test_iteration81_tasks_router.TestUpdatesAndRespond" name="test_escalate_creates_owner_followup" time="0.523" /><testcase classname="tests.test_iteration81_tasks_router.TestUpdatesAndRespond" name="test_respond_to_handoff" time="0.309" /><testcase classname="tests.test_iteration81_tasks_router.TestUpdatesAndRespond" name="test_respond_400_on_non_followup" time="0.202" /><testcase classname="tests.test_iteration80_phaseb_refactor.TestBrainEndpoints" name="test_brain_context_get" time="0.428" /><testcase classname="tests.test_iteration80_phaseb_refactor.TestBrainEndpoints" name="test_brain_documents_get" time="0.098" /><testcase classname="tests.test_iteration80_phaseb_refactor.TestBrainEndpoints" name="test_ask_owner_200" time="7.826" /><testcase classname="tests.test_iteration81_tasks_router.TestExecutionPlan" name="test_generate_execution_plan_403_when_unapproved" time="0.282" /><testcase classname="tests.test_iteration81_tasks_router.TestExecutionPlan" name="test_patch_execution_plan_auto_done" time="0.201" /><testcase classname="tests.test_iteration81_tasks_router.TestExecutionPlan" name="test_delete_execution_plan" time="0.321" /><testcase classname="tests.test_iteration81_tasks_router.TestExecutionPlan" name="test_steps_ask_ai" time="8.802" /><testcase classname="tests.test_iteration80_phaseb_refactor.TestBrainEndpoints" name="test_ask_sales_finance_denied" time="0.499" /><testcase classname="tests.test_iteration80_phaseb_refactor.TestBrainEndpoints" name="test_brain_agent_owner_200" time="8.040" /><testcase classname="tests.test_iteration80_phaseb_refactor.TestTasksRouter" name="test_list_tasks" time="0.528" /><testcase classname="tests.test_iteration80_phaseb_refactor.TestTasksRouter" name="test_task_detail_has_enriched_fields" time="0.267" /><testcase classname="tests.test_iteration80_phaseb_refactor.TestTasksRouter" name="test_create_patch_delete_task" time="0.443" /><testcase classname="tests.test_iteration80_phaseb_refactor.TestTasksRouter" name="test_sales_cannot_delete_task" time="0.656" /><testcase classname="tests.test_iteration81_tasks_router.TestGetTask" name="test_owner_can_view_any_task" time="0.534" /><testcase classname="tests.test_iteration81_tasks_router.TestGetTask" name="test_outsider_403" time="0.526" /><testcase classname="tests.test_iteration81_tasks_router.TestGetTask" name="test_not_found_404" time="0.105" /><testcase classname="tests.test_iteration81_tasks_router.TestCreateTask" name="test_create_with_title_priority" time="0.112" /><testcase classname="tests.test_iteration81_tasks_router.TestCreateTask" name="test_auto_role_assignment" time="0.113" /><testcase classname="tests.test_iteration81_tasks_router.TestCreateTask" name="test_approval_required_blocks" time="0.419" /><testcase classname="tests.test_iteration81_tasks_router.TestPatchTask" name="test_status_transitions" time="0.315" /><testcase classname="tests.test_iteration81_tasks_router.TestPatchTask" name="test_progress_clamp" time="0.482" /><testcase classname="tests.test_iteration81_tasks_router.TestListTasks" name="test_owner_sees_all" time="0.439" /><testcase classname="tests.test_iteration81_tasks_router.TestPatchTask" name="test_evidence_required_gate" time="0.373" /><testcase classname="tests.test_iteration81_tasks_router.TestListTasks" name="test_sales_role_scoped" time="0.463" /><testcase classname="tests.test_iteration81_tasks_router.TestListTasks" name="test_mine_filter_owner" time="0.112" /><testcase classname="tests.test_iteration81_tasks_router.TestRouterMountSanity" name="test_list_tasks_reachable" time="0.239" /><testcase classname="tests.test_iteration80_phaseb_refactor.TestAuth" name="test_owner_login_and_me" time="0.431" /><testcase classname="tests.test_iteration81_tasks_router.TestRouterMountSanity" name="test_prioritize_path_not_shadowed" time="0.097" /><testcase classname="tests.test_iteration81_tasks_router.TestDeleteTask" name="test_owner_can_delete" time="0.744" /><testcase classname="tests.test_iteration80_phaseb_refactor.TestAuth" name="test_sales_login_and_me" time="0.442" /><testcase classname="tests.test_iteration80_phaseb_refactor.TestAuth" name="test_finance_login_and_me" time="0.410" /><testcase classname="tests.test_iteration81_tasks_router.TestDeleteTask" name="test_non_owner_cannot_delete" time="0.418" /><testcase classname="tests.test_iteration81_tasks_router.TestPrioritize" name="test_prioritize_scores_and_sorts" time="8.846" /><testcase classname="tests.test_iteration81_tasks_router.TestAttachment" name="test_attach_evidence_file" time="0.737" /><testcase classname="tests.test_iteration81_tasks_router.TestAttachment" name="test_evidence_gate_unblocked_after_attachment" time="0.957" /><testcase classname="tests.test_iteration80_phaseb_refactor.TestImportSanity" name="test_services_and_shims_import" time="0.440" /><testcase classname="tests.test_iteration80_phaseb_refactor.TestObjectStorage" name="test_upload_and_download" time="0.917" /><testcase classname="tests.test_iteration80_phaseb_refactor.TestBrainContextCapture" name="test_new_context_row_appears_after_decision_approve" time="1.124" /><testcase classname="tests.test_iteration80_phaseb_refactor.TestSharmaDedup" name="test_at_most_one_chase_task_for_inv_2045" time="0.167" /><testcase classname="tests.test_iteration81_tasks_router.TestPrioritize" name="test_prioritize_force_false_reuses_scores" time="4.408" /><testcase classname="tests.test_iteration80_phaseb_refactor.TestBriefInbox" name="test_brief_owner_200" time="0.428" /><testcase classname="tests.test_iteration80_phaseb_refactor.TestBriefInbox" name="test_inbox_no_500" time="0.545" /></testsuite></testsuites>