<?xml version="1.0" encoding="utf-8"?><testsuites name="pytest tests"><testsuite name="pytest" errors="0" failures="0" skipped="0" tests="16" time="3.463" timestamp="2026-07-15T08:27:59.264710+00:00" hostname="agent-env-07e7a341-a91d-4a74-a34e-2f86d2e35db8"><testcase classname="tests.test_iteration48_notifications.TestNotifBasics" name="test_list_notifications_shape" time="0.457" /><testcase classname="tests.test_iteration48_notifications.TestNotifBasics" name="test_mark_all_read" time="0.102" /><testcase classname="tests.test_iteration48_notifications.TestAssignedNotification" name="test_new_work_notifies_assignee" time="0.464" /><testcase classname="tests.test_iteration48_notifications.TestApprovalNotification" name="test_approval_required_notifies_owner" time="0.191" /><testcase classname="tests.test_iteration48_notifications.TestClarificationNotification" name="test_clarify_notifies_assignee" time="0.192" /><testcase classname="tests.test_iteration48_notifications.TestClarificationNotification" name="test_clarify_empty_reason_400" time="0.091" /><testcase classname="tests.test_iteration48_notifications.TestClarificationNotification" name="test_clarify_forbidden_for_non_approver" time="0.428" /><testcase classname="tests.test_iteration48_notifications.TestRejectionNotification" name="test_reject_notifies_assignee" time="0.189" /><testcase classname="tests.test_iteration48_notifications.TestStatusNotification" name="test_status_change_notifies_creator" time="0.230" /><testcase classname="tests.test_iteration48_notifications.TestCommentNotification" name="test_note_by_assignee_notifies_creator" time="0.229" /><testcase classname="tests.test_iteration48_notifications.TestApprovedNotification" name="test_approve_notifies_assignee" time="0.191" /><testcase classname="tests.test_iteration48_notifications.TestTaskAccessControl" name="test_get_task_for_assignee_returns_200" time="0.131" /><testcase classname="tests.test_iteration48_notifications.TestTaskAccessControl" name="test_get_task_for_non_member_returns_403" time="0.095" /><testcase classname="tests.test_iteration48_notifications.TestTaskAccessControl" name="test_get_task_not_found_404" time="0.050" /><testcase classname="tests.test_iteration48_notifications.TestTaskAccessControl" name="test_get_task_for_owner_returns_200" time="0.091" /><testcase classname="tests.test_iteration48_notifications.TestNotifRead" name="test_mark_single_read" time="0.242" /></testsuite></testsuites>