<?xml version="1.0" encoding="utf-8"?><testsuites name="pytest tests"><testsuite name="pytest" errors="0" failures="0" skipped="0" tests="46" time="96.254" timestamp="2026-08-01T21:22:04.521551+00:00" hostname="agent-env-07e7a341-a91d-4a74-a34e-2f86d2e35db8"><testcase classname="tests.test_iteration79_prelaunch.TestBrainAgent" name="test_owner_leave_policy" time="7.519" /><testcase classname="tests.test_iteration79_prelaunch.TestBrainDocuments" name="test_a_owner_upload_public" time="1.318" /><testcase classname="tests.test_iteration79_prelaunch.TestBrainDocuments" name="test_b_list_shows_it" time="0.099" /><testcase classname="tests.test_iteration79_prelaunch.TestBrainDocuments" name="test_c_search_by_q" time="0.104" /><testcase classname="tests.test_iteration79_prelaunch.TestBrainDocuments" name="test_d_download_roundtrip" time="0.468" /><testcase classname="tests.test_iteration79_prelaunch.TestBrainDocuments" name="test_e_owner_upload_dept_finance_visibility" time="0.320" /><testcase classname="tests.test_iteration79_prelaunch.TestBrainDocuments" name="test_f_sales_cannot_list_finance_dept_doc" time="0.100" /><testcase classname="tests.test_iteration79_prelaunch.TestBrainDocuments" name="test_g_sales_direct_download_forbidden" time="0.132" /><testcase classname="tests.test_iteration79_prelaunch.TestBrainDocuments" name="test_h_sales_upload_forbidden" time="0.101" /><testcase classname="tests.test_iteration79_prelaunch.TestBrainDocuments" name="test_z_cleanup" time="0.311" /><testcase classname="tests.test_iteration79_prelaunch.TestPyMongoRegression" name="test_inbox_aggregate" time="0.429" /><testcase classname="tests.test_iteration79_prelaunch.TestPyMongoRegression" name="test_brief" time="0.102" /><testcase classname="tests.test_iteration79_prelaunch.TestPyMongoRegression" name="test_tasks_list" time="0.183" /><testcase classname="tests.test_iteration79_prelaunch.TestPyMongoRegression" name="test_decisions_list" time="0.199" /><testcase classname="tests.test_iteration79_prelaunch.TestPyMongoRegression" name="test_brain_context_list" time="0.099" /><testcase classname="tests.test_iteration79_prelaunch.TestPyMongoRegression" name="test_brain_documents_list" time="0.098" /><testcase classname="tests.test_iteration79_prelaunch.TestEdgeCases" name="test_ask_empty_question" time="0.097" /><testcase classname="tests.test_iteration79_prelaunch.TestEdgeCases" name="test_agent_empty_question" time="0.100" /><testcase classname="tests.test_iteration79_prelaunch.TestEdgeCases" name="test_agent_unicode_question" time="10.555" /><testcase classname="tests.test_iteration79_prelaunch.TestBrainAgent" name="test_owner_overdue_tasks_uses_mongo" time="8.446" /><testcase classname="tests.test_iteration79_prelaunch.TestEdgeCases" name="test_agent_huge_question_capped" time="0.135" /><testcase classname="tests.test_iteration79_prelaunch.TestEdgeCases" name="test_agent_create_task_empty_title" time="0.110" /><testcase classname="tests.test_iteration79_prelaunch.TestEdgeCases" name="test_cross_tenant_task_get_404" time="0.106" /><testcase classname="tests.test_iteration79_prelaunch.TestRoleIsolation" name="test_sales_no_ledger" time="0.430" /><testcase classname="tests.test_iteration79_prelaunch.TestRoleIsolation" name="test_finance_can_ledger" time="0.458" /><testcase classname="tests.test_iteration79_prelaunch.TestBrainAgent" name="test_owner_vendor_delays_knowledge" time="11.372" /><testcase classname="tests.test_iteration79_prelaunch.TestRoleIsolation" name="test_production_no_ledger" time="0.433" /><testcase classname="tests.test_iteration79_prelaunch.TestRoleIsolation" name="test_no_token_401" time="0.093" /><testcase classname="tests.test_iteration79_prelaunch.TestAuth" name="test_login_owner" time="0.000" /><testcase classname="tests.test_iteration79_prelaunch.TestAuth" name="test_login_bad_creds" time="0.100" /><testcase classname="tests.test_iteration79_prelaunch.TestAuth" name="test_me" time="0.100" /><testcase classname="tests.test_iteration79_prelaunch.TestSignupInterview" name="test_start_answer_blueprint_refine" time="78.670" /><testcase classname="tests.test_iteration79_prelaunch.TestBrainAgent" name="test_sales_finance_intent_denied" time="23.799" /><testcase classname="tests.test_iteration79_prelaunch.TestBrainAgent" name="test_sales_finance_intent_denied_via_ask" time="0.099" /><testcase classname="tests.test_iteration79_prelaunch.TestBrainAgent" name="test_production_sales_intent_denied" time="2.339" /><testcase classname="tests.test_iteration79_prelaunch.TestBrainAgent" name="test_production_policy_allowed" time="7.360" /><testcase classname="tests.test_iteration79_prelaunch.TestHealth" name="test_api_root" time="0.121" /><testcase classname="tests.test_iteration79_prelaunch.TestHealth" name="test_health" time="0.100" /><testcase classname="tests.test_iteration79_prelaunch.TestAskRBAC" name="test_sales_asks_unpaid_invoices_denied" time="0.111" /><testcase classname="tests.test_iteration79_prelaunch.TestAskRBAC" name="test_owner_asks_finance_allowed" time="8.959" /><testcase classname="tests.test_iteration79_prelaunch.TestTaskCRUD" name="test_task_lifecycle_captures_brain_context" time="0.924" /><testcase classname="tests.test_iteration79_prelaunch.TestComplaintFlow" name="test_create_resolve_captures_context" time="0.795" /><testcase classname="tests.test_iteration79_prelaunch.TestAgentCreateTask" name="test_create_task_from_suggestion" time="0.926" /><testcase classname="tests.test_iteration79_prelaunch.TestAdminPanel" name="test_admin_login_and_endpoints" time="0.672" /><testcase classname="tests.test_iteration79_prelaunch.TestSignupInterview" name="test_refine_empty_400" time="0.225" /><testcase classname="tests.test_iteration79_prelaunch.TestSignupInterview" name="test_refine_unknown_session_404" time="0.104" /></testsuite></testsuites>