<?xml version="1.0" encoding="utf-8"?><testsuites name="pytest tests"><testsuite name="pytest" errors="0" failures="1" skipped="0" tests="8" time="13.220" timestamp="2026-07-02T19:03:34.926450+00:00" hostname="agent-env-07e7a341-a91d-4a74-a34e-2f86d2e35db8"><testcase classname="tests.test_iteration8.TestAskAICitations" name="test_ask_returns_answer_and_citations_shape" time="6.590" /><testcase classname="tests.test_iteration8.TestDecisionTaxonomy" name="test_approval_directive_extracts_dtype_and_confidence" time="8.353" /><testcase classname="tests.test_iteration8.TestAskAICitations" name="test_ask_purchases_returns_workflow_or_contact_citation" time="5.539" /><testcase classname="tests.test_iteration8.TestDecisionTaxonomy" name="test_list_decisions_all_have_dtype_and_confidence_key" time="0.077" /><testcase classname="tests.test_iteration8.TestDashboardWins" name="test_dashboard_returns_wins_array" time="0.070" /><testcase classname="tests.test_iteration8.TestDashboardWins" name="test_wins_populates_after_approval" time="0.178" /><testcase classname="tests.test_iteration8.TestRegressionSanity" name="test_auth_me" time="0.048"><failure message="AssertionError: assert None == 'owner'&#10; +  where None = &lt;built-in method get of dict object at 0xfe81168f94c0&gt;('role')&#10; +    where &lt;built-in method get of dict object at 0xfe81168f94c0&gt; = {'user': {'id': 'd4e33825-fc7e-4e16-abca-e09c5dbe2560', 'tenant_id': 'ae79cf8b-d407-494b-94b9-32daf017bb7a', 'name': 'Rajesh Sharma', 'email': 'owner@sharma.com', ...}, 'tenant': {'id': 'ae79cf8b-d407-494b-94b9-32daf017bb7a', 'name': 'Sharma Textiles Pvt Ltd', 'created_at': '2026-07-01T18:54:26.718989+00:00', 'company_size': '11-50', ...}}.get&#10; +      where {'user': {'id': 'd4e33825-fc7e-4e16-abca-e09c5dbe2560', 'tenant_id': 'ae79cf8b-d407-494b-94b9-32daf017bb7a', 'name': 'Rajesh Sharma', 'email': 'owner@sharma.com', ...}, 'tenant': {'id': 'ae79cf8b-d407-494b-94b9-32daf017bb7a', 'name': 'Sharma Textiles Pvt Ltd', 'created_at': '2026-07-01T18:54:26.718989+00:00', 'company_size': '11-50', ...}} = json()&#10; +        where json = &lt;Response [200]&gt;.json">backend/tests/test_iteration8.py:190: in test_auth_me
    assert r.json().get("role") == "owner"
E   AssertionError: assert None == 'owner'
E    +  where None = &lt;built-in method get of dict object at 0xfe81168f94c0&gt;('role')
E    +    where &lt;built-in method get of dict object at 0xfe81168f94c0&gt; = {'user': {'id': 'd4e33825-fc7e-4e16-abca-e09c5dbe2560', 'tenant_id': 'ae79cf8b-d407-494b-94b9-32daf017bb7a', 'name': 'Rajesh Sharma', 'email': 'owner@sharma.com', ...}, 'tenant': {'id': 'ae79cf8b-d407-494b-94b9-32daf017bb7a', 'name': 'Sharma Textiles Pvt Ltd', 'created_at': '2026-07-01T18:54:26.718989+00:00', 'company_size': '11-50', ...}}.get
E    +      where {'user': {'id': 'd4e33825-fc7e-4e16-abca-e09c5dbe2560', 'tenant_id': 'ae79cf8b-d407-494b-94b9-32daf017bb7a', 'name': 'Rajesh Sharma', 'email': 'owner@sharma.com', ...}, 'tenant': {'id': 'ae79cf8b-d407-494b-94b9-32daf017bb7a', 'name': 'Sharma Textiles Pvt Ltd', 'created_at': '2026-07-01T18:54:26.718989+00:00', 'company_size': '11-50', ...}} = json()
E    +        where json = &lt;Response [200]&gt;.json</failure></testcase><testcase classname="tests.test_iteration8.TestRegressionSanity" name="test_sales_cannot_post_voice_text" time="0.453" /></testsuite></testsuites>