<?xml version="1.0" encoding="utf-8"?><testsuites name="pytest tests"><testsuite name="pytest" errors="0" failures="0" skipped="0" tests="14" time="14.733" timestamp="2026-07-08T09:51:03.634414+00:00" hostname="agent-env-07e7a341-a91d-4a74-a34e-2f86d2e35db8"><testcase classname="tests.test_iteration21.TestRefreshWorkCoach" name="test_refresh_own_returns_summary" time="8.064" /><testcase classname="tests.test_iteration21.TestGetWorkCoach" name="test_own_coach_default" time="2.460" /><testcase classname="tests.test_iteration21.TestGetWorkCoach" name="test_own_coach_explicit_user_id" time="0.097" /><testcase classname="tests.test_iteration21.TestGetWorkCoach" name="test_owner_can_view_employee" time="0.098" /><testcase classname="tests.test_iteration21.TestGetWorkCoach" name="test_non_owner_forbidden_for_others" time="0.099" /><testcase classname="tests.test_iteration21.TestGetWorkCoach" name="test_non_existent_user_id" time="0.096" /><testcase classname="tests.test_iteration21.TestGetWorkCoach" name="test_unauth" time="0.092" /><testcase classname="tests.test_iteration21.TestStatsCorrectness" name="test_completion_rate_math" time="0.097" /><testcase classname="tests.test_iteration21.TestStatsCorrectness" name="test_own_stats_nonzero_for_production" time="0.106" /><testcase classname="tests.test_iteration21.TestStatsCorrectness" name="test_owner_view_matches_employee_self_view" time="0.198" /><testcase classname="tests.test_iteration21.TestRefreshWorkCoach" name="test_refresh_persists_summary_via_get" time="0.122" /><testcase classname="tests.test_iteration21.TestRefreshWorkCoach" name="test_refresh_owner_for_employee" time="5.987" /><testcase classname="tests.test_iteration21.TestRefreshWorkCoach" name="test_refresh_forbidden_for_non_owner_others" time="0.135" /><testcase classname="tests.test_iteration21.TestRefreshWorkCoach" name="test_refresh_404_missing_user" time="0.100" /></testsuite></testsuites>