<?xml version="1.0" encoding="utf-8"?><testsuites name="pytest tests"><testsuite name="pytest" errors="0" failures="0" skipped="0" tests="9" time="24.428" timestamp="2026-07-10T12:40:05.268282+00:00" hostname="agent-env-07e7a341-a91d-4a74-a34e-2f86d2e35db8"><testcase classname="tests.test_iteration45_p2.TestRefactorRegression" name="test_onboarding_suggest_200" time="5.221" /><testcase classname="tests.test_iteration45_p2.TestApprovalFlow" name="test_patch_done_goes_to_review" time="0.796" /><testcase classname="tests.test_iteration45_p2.TestApprovalFlow" name="test_approve_endpoint_completes" time="0.336" /><testcase classname="tests.test_iteration45_p2.TestApprovalFlow" name="test_reject_endpoint_returns_in_progress" time="0.320" /><testcase classname="tests.test_iteration45_p2.TestApprovalFlow" name="test_non_approver_gets_403" time="0.775" /><testcase classname="tests.test_iteration45_p2.TestSmartAssignment" name="test_role_only_creation_auto_assigns" time="0.097" /><testcase classname="tests.test_iteration45_p2.TestSmartAssignment" name="test_role_production_auto_assigns" time="0.100" /><testcase classname="tests.test_iteration45_p2.TestRefactorRegression" name="test_onboarding_os_blueprint_200" time="18.282" /><testcase classname="tests.test_iteration45_p2.TestRefactorRegression" name="test_patch_tenant_os_blueprint_owner_200" time="0.565" /></testsuite></testsuites>