<?xml version="1.0" encoding="utf-8"?><testsuites name="pytest tests"><testsuite name="pytest" errors="0" failures="0" skipped="0" tests="8" time="15.243" timestamp="2026-07-08T11:26:28.335584+00:00" hostname="agent-env-07e7a341-a91d-4a74-a34e-2f86d2e35db8"><testcase classname="tests.test_iteration25.TestClarifyAuth" name="test_no_auth_returns_401_or_403" time="0.107" /><testcase classname="tests.test_iteration25.TestClarifyAuth" name="test_non_owner_returns_403" time="0.455" /><testcase classname="tests.test_iteration25.TestClarifyAuth" name="test_empty_text_returns_400" time="0.413" /><testcase classname="tests.test_iteration25.TestClarifyAuth" name="test_missing_text_returns_422" time="0.130" /><testcase classname="tests.test_iteration25.TestClarifySemantics" name="test_incomplete_directive_returns_questions" time="4.405" /><testcase classname="tests.test_iteration25.TestClarifySemantics" name="test_complete_directive_returns_no_questions" time="1.116" /><testcase classname="tests.test_iteration25.TestClarifySemantics" name="test_clarify_does_not_create_voice_note" time="4.142" /><testcase classname="tests.test_iteration25.TestVoiceNotesTextRegression" name="test_text_note_creates_voice_note_and_processes" time="4.416" /></testsuite></testsuites>