<?xml version="1.0" encoding="utf-8"?><testsuites name="pytest tests"><testsuite name="pytest" errors="2" failures="2" skipped="0" tests="45" time="30.444" timestamp="2026-07-01T20:18:01.860060+00:00" hostname="agent-env-07e7a341-a91d-4a74-a34e-2f86d2e35db8"><testcase classname="" name="tests.test_custom_industry" time="0.000"><error message="collection failure">tests/test_custom_industry.py:7: in &lt;module&gt;
    BASE_URL = os.environ.get('REACT_APP_BACKEND_URL').rstrip('/')
               ^^^^^^^^^^^^^^^^^^^^^^^^^^^^^^^^^^^^^^^^^^^^^^
E   AttributeError: 'NoneType' object has no attribute 'rstrip'</error><error message="collection failure">tests/test_custom_industry.py:7: in &lt;module&gt;
    BASE_URL = os.environ.get('REACT_APP_BACKEND_URL').rstrip('/')
               ^^^^^^^^^^^^^^^^^^^^^^^^^^^^^^^^^^^^^^^^^^^^^^
E   AttributeError: 'NoneType' object has no attribute 'rstrip'</error></testcase><testcase classname="tests.backend_test.TestAuth" name="test_login_owner_returns_token_user" time="2.588" /><testcase classname="tests.backend_test.TestWorkflows" name="test_list_sales_dispatch" time="2.744" /><testcase classname="tests.backend_test.TestAuth" name="test_login_invalid" time="0.422" /><testcase classname="tests.backend_test.TestWorkflows" name="test_list_purchase_payment" time="0.269" /><testcase classname="tests.backend_test.TestWorkflows" name="test_create_workflow" time="0.370" /><testcase classname="tests.backend_test.TestAuth" name="test_me_with_token" time="0.511" /><testcase classname="tests.backend_test.TestWorkflows" name="test_advance_workflow" time="0.340" /><testcase classname="tests.backend_test.TestAuth" name="test_me_no_token" time="0.147" /><testcase classname="tests.backend_test.TestAuth" name="test_register_new_company" time="0.857" /><testcase classname="tests.backend_test.TestWorkflows" name="test_purchase_approve_gate_production_forbidden" time="0.998" /><testcase classname="tests.backend_test.TestEnrichmentShape" name="test_decisions_list_enriched" time="0.188" /><testcase classname="tests.backend_test.TestEnrichmentShape" name="test_tasks_list_assignee_name" time="0.384" /><testcase classname="tests.backend_test.TestEnrichmentShape" name="test_dashboard_enrichment" time="0.165" /><testcase classname="tests.backend_test.TestWorkflows" name="test_finance_cannot_approve_purchase" time="0.743" /><testcase classname="tests.backend_test.TestEnrichmentShape" name="test_brain_search_enrichment" time="0.158" /><testcase classname="tests.backend_test.TestVoiceNoteOwnerGate" name="test_text_directive_sales_forbidden" time="0.656" /><testcase classname="tests.backend_test.TestDecisionApproval" name="test_reject_by_sales_forbidden" time="0.848"><failure message="AssertionError: no pending decision to test&#10;assert []">tests/backend_test.py:182: in test_reject_by_sales_forbidden
    assert dashboard["pending_decisions"], "no pending decision to test"
E   AssertionError: no pending decision to test
E   assert []</failure></testcase><testcase classname="tests.backend_test.TestVoiceNoteOwnerGate" name="test_text_directive_production_forbidden" time="0.146" /><testcase classname="tests.backend_test.TestVoiceNoteOwnerGate" name="test_text_directive_finance_forbidden" time="0.148" /><testcase classname="tests.backend_test.TestDecisionApproval" name="test_approve_by_owner_unblocks_tasks" time="0.147"><failure message="IndexError: list index out of range">tests/backend_test.py:192: in test_approve_by_owner_unblocks_tasks
    did = dash["pending_decisions"][0]["id"]
          ^^^^^^^^^^^^^^^^^^^^^^^^^^^^
E   IndexError: list index out of range</failure></testcase><testcase classname="tests.backend_test.TestVoiceNoteOwnerGate" name="test_voice_note_audio_sales_forbidden" time="0.151" /><testcase classname="tests.backend_test.TestDecisionApproval" name="test_reject_flow" time="7.053" /><testcase classname="tests.backend_test.TestTasks" name="test_list_tasks" time="0.160" /><testcase classname="tests.backend_test.TestTasks" name="test_mine_filter_sales" time="0.142" /><testcase classname="tests.backend_test.TestTasks" name="test_create_and_progress_task" time="0.434" /><testcase classname="tests.backend_test.TestTeam" name="test_list_users" time="0.165" /><testcase classname="tests.backend_test.TestTeam" name="test_add_user_owner" time="0.368" /><testcase classname="tests.backend_test.TestTeam" name="test_add_user_non_owner_forbidden" time="0.167" /><testcase classname="tests.backend_test.TestDashboard" name="test_dashboard_shape" time="0.150" /><testcase classname="tests.backend_test.TestDashboard" name="test_dashboard_tenant_isolation" time="0.510" /><testcase classname="tests.backend_test.TestDigest" name="test_owner_mocked" time="0.159" /><testcase classname="tests.backend_test.TestDigest" name="test_non_owner_forbidden" time="0.163" /><testcase classname="tests.test_onboarding.TestOnboardingSuggest" name="test_public_no_auth_needed" time="5.508" /><testcase classname="tests.backend_test.TestWorkflowNextStageGuard" name="test_skip_stage_rejected" time="0.349" /><testcase classname="tests.backend_test.TestWorkflowNextStageGuard" name="test_next_stage_ok" time="0.471" /><testcase classname="tests.backend_test.TestWorkflowNextStageGuard" name="test_backward_stage_rejected" time="0.473" /><testcase classname="tests.test_onboarding.TestOnboardingSuggest" name="test_tech_saas_returns_relevant_roles" time="4.418" /><testcase classname="tests.backend_test.TestVoiceNoteAI" name="test_text_directive_flow" time="8.959" /><testcase classname="tests.test_onboarding.TestRegisterOnboarding" name="test_register_with_custom_roles" time="1.098" /><testcase classname="tests.test_onboarding.TestRegisterOnboarding" name="test_register_owner_role_stripped" time="0.347" /><testcase classname="tests.test_onboarding.TestSharmaRegression" name="test_me_returns_industry_and_roles" time="0.471" /><testcase classname="tests.backend_test.TestBrainSearch" name="test_search_matches_seeded" time="0.122" /><testcase classname="tests.backend_test.TestAskAI" name="test_ask_returns_answer" time="5.814" /></testsuite></testsuites>