<?xml version="1.0" encoding="utf-8"?><testsuites name="pytest tests"><testsuite name="pytest" errors="0" failures="0" skipped="0" tests="9" time="2.540" timestamp="2026-07-08T06:25:12.119918+00:00" hostname="agent-env-07e7a341-a91d-4a74-a34e-2f86d2e35db8"><testcase classname="tests.test_iteration16.TestCreateTaskAssignment" name="test_create_with_valid_assignee_id_autofills_role" time="0.717" /><testcase classname="tests.test_iteration16.TestCreateTaskAssignment" name="test_create_with_bogus_assignee_id_nullified" time="0.097" /><testcase classname="tests.test_iteration16.TestCreateTaskAssignment" name="test_create_with_role_only" time="0.103" /><testcase classname="tests.test_iteration16.TestCreateTaskAssignment" name="test_create_with_invalid_role" time="0.138" /><testcase classname="tests.test_iteration16.TestReassignTask" name="test_patch_assignee_id_updates_role_and_name" time="0.200" /><testcase classname="tests.test_iteration16.TestReassignTask" name="test_patch_status_only_preserves_assignee" time="0.237" /><testcase classname="tests.test_iteration16.TestReassignTask" name="test_patch_bogus_assignee_id_ignored" time="0.195" /><testcase classname="tests.test_iteration16.TestMineFilter" name="test_mine_returns_assignee_id_matches" time="0.572" /><testcase classname="tests.test_iteration16.TestMineFilter" name="test_mine_returns_role_matches" time="0.201" /></testsuite></testsuites>