<?xml version="1.0" encoding="utf-8"?><testsuites name="pytest tests"><testsuite name="pytest" errors="0" failures="0" skipped="0" tests="13" time="5.019" timestamp="2026-07-08T10:53:16.163571+00:00" hostname="agent-env-07e7a341-a91d-4a74-a34e-2f86d2e35db8"><testcase classname="tests.test_iteration23.TestPermissions" name="test_missing_task_returns_404" time="1.530" /><testcase classname="tests.test_iteration23.TestPermissions" name="test_non_assignee_non_owner_gets_403" time="0.622" /><testcase classname="tests.test_iteration23.TestPermissions" name="test_empty_text_returns_400" time="0.098" /><testcase classname="tests.test_iteration23.TestPermissions" name="test_unauth_401" time="0.096" /><testcase classname="tests.test_iteration23.TestNote" name="test_note_appends_to_updates_no_followup_no_notification" time="0.195" /><testcase classname="tests.test_iteration23.TestNote" name="test_note_with_step_id_resolves_step_text" time="0.199" /><testcase classname="tests.test_iteration23.TestHandoff" name="test_handoff_to_member_creates_followup_and_notifies" time="0.503" /><testcase classname="tests.test_iteration23.TestHandoff" name="test_handoff_to_role_creates_role_scoped_followup" time="0.327" /><testcase classname="tests.test_iteration23.TestHandoff" name="test_handoff_missing_target_returns_400" time="0.099" /><testcase classname="tests.test_iteration23.TestHandoff" name="test_handoff_invalid_role_returns_400" time="0.108" /><testcase classname="tests.test_iteration23.TestEscalate" name="test_escalate_targets_owner_high_priority" time="0.428" /><testcase classname="tests.test_iteration23.TestRegression" name="test_task_scoping_still_works" time="0.104" /><testcase classname="tests.test_iteration23.TestRegression" name="test_notifications_endpoint_shape" time="0.622" /></testsuite></testsuites>