<?xml version="1.0" encoding="utf-8"?><testsuites name="pytest tests"><testsuite name="pytest" errors="0" failures="0" skipped="0" tests="38" time="43.862" timestamp="2026-07-01T20:47:26.441697+00:00" hostname="agent-env-07e7a341-a91d-4a74-a34e-2f86d2e35db8"><testcase classname="tests.backend_test.TestAuth" name="test_login_owner_returns_token_user" time="0.666" /><testcase classname="tests.backend_test.TestWorkflows" name="test_list_sales_dispatch" time="0.666" /><testcase classname="tests.backend_test.TestAuth" name="test_login_invalid" time="0.365" /><testcase classname="tests.backend_test.TestWorkflows" name="test_list_purchase_payment" time="0.373" /><testcase classname="tests.backend_test.TestWorkflows" name="test_create_workflow" time="0.350" /><testcase classname="tests.backend_test.TestAuth" name="test_me_with_token" time="0.493" /><testcase classname="tests.backend_test.TestWorkflows" name="test_advance_workflow" time="0.346" /><testcase classname="tests.backend_test.TestAuth" name="test_me_no_token" time="0.131" /><testcase classname="tests.backend_test.TestAuth" name="test_register_new_company" time="0.768" /><testcase classname="tests.backend_test.TestWorkflows" name="test_purchase_approve_gate_production_forbidden" time="1.045" /><testcase classname="tests.backend_test.TestEnrichmentShape" name="test_decisions_list_enriched" time="0.139" /><testcase classname="tests.backend_test.TestEnrichmentShape" name="test_tasks_list_assignee_name" time="0.158" /><testcase classname="tests.backend_test.TestEnrichmentShape" name="test_dashboard_enrichment" time="0.148" /><testcase classname="tests.backend_test.TestEnrichmentShape" name="test_brain_search_enrichment" time="0.282" /><testcase classname="tests.backend_test.TestWorkflows" name="test_finance_cannot_approve_purchase" time="0.759" /><testcase classname="tests.backend_test.TestDecisionApproval" name="test_reject_by_sales_forbidden" time="0.771" /><testcase classname="tests.backend_test.TestDecisionApproval" name="test_approve_by_owner_unblocks_tasks" time="0.290" /><testcase classname="tests.backend_test.TestVoiceNoteOwnerGate" name="test_text_directive_sales_forbidden" time="0.616" /><testcase classname="tests.backend_test.TestVoiceNoteOwnerGate" name="test_text_directive_production_forbidden" time="0.161" /><testcase classname="tests.backend_test.TestDecisionApproval" name="test_reject_flow" time="6.964" /><testcase classname="tests.backend_test.TestVoiceNoteOwnerGate" name="test_text_directive_finance_forbidden" time="0.125" /><testcase classname="tests.backend_test.TestVoiceNoteOwnerGate" name="test_voice_note_audio_sales_forbidden" time="0.128" /><testcase classname="tests.backend_test.TestWorkflowNextStageGuard" name="test_skip_stage_rejected" time="0.297" /><testcase classname="tests.backend_test.TestWorkflowNextStageGuard" name="test_next_stage_ok" time="0.428" /><testcase classname="tests.backend_test.TestWorkflowNextStageGuard" name="test_backward_stage_rejected" time="0.418" /><testcase classname="tests.backend_test.TestTeam" name="test_list_users" time="0.141" /><testcase classname="tests.backend_test.TestTeam" name="test_add_user_owner" time="0.365" /><testcase classname="tests.backend_test.TestTeam" name="test_add_user_non_owner_forbidden" time="0.149" /><testcase classname="tests.backend_test.TestDashboard" name="test_dashboard_shape" time="0.134" /><testcase classname="tests.backend_test.TestDashboard" name="test_dashboard_tenant_isolation" time="0.511" /><testcase classname="tests.backend_test.TestDigest" name="test_owner_mocked" time="0.152" /><testcase classname="tests.backend_test.TestDigest" name="test_non_owner_forbidden" time="0.134" /><testcase classname="tests.backend_test.TestVoiceNoteAI" name="test_text_directive_flow" time="29.067" /><testcase classname="tests.backend_test.TestTasks" name="test_list_tasks" time="0.298" /><testcase classname="tests.backend_test.TestTasks" name="test_mine_filter_sales" time="0.158" /><testcase classname="tests.backend_test.TestTasks" name="test_create_and_progress_task" time="0.474" /><testcase classname="tests.backend_test.TestBrainSearch" name="test_search_matches_seeded" time="0.208" /><testcase classname="tests.backend_test.TestAskAI" name="test_ask_returns_answer" time="6.704" /></testsuite></testsuites>