<?xml version="1.0" encoding="utf-8"?><testsuites name="pytest tests"><testsuite name="pytest" errors="0" failures="0" skipped="0" tests="32" time="49.725" timestamp="2026-08-03T12:38:14.271101+00:00" hostname="agent-env-07e7a341-a91d-4a74-a34e-2f86d2e35db8"><testcase classname="tests.test_iteration82_inbox_brain_refactor.TestCrossDomainRegression" name="test_tasks_list_ok" time="0.612" /><testcase classname="tests.test_iteration82_inbox_brain_refactor.TestBrainRBAC" name="test_sales_denied_on_finance_question_ask" time="0.710" /><testcase classname="tests.test_iteration82_inbox_brain_refactor.TestCrossDomainRegression" name="test_decisions_list_ok" time="0.154" /><testcase classname="tests.test_iteration82_inbox_brain_refactor.TestBrainRBAC" name="test_sales_denied_on_finance_question_agent" time="1.885" /><testcase classname="tests.test_iteration82_inbox_brain_refactor.TestCrossDomainRegression" name="test_brief_ok" time="0.119" /><testcase classname="tests.test_iteration82_inbox_brain_refactor.TestCrossDomainRegression" name="test_workflows_ok" time="0.105" /><testcase classname="tests.test_iteration82_inbox_brain_refactor.TestCrossDomainRegression" name="test_brain_documents_ok" time="0.161" /><testcase classname="tests.test_iteration82_inbox_brain_refactor.TestInboxStatusMutation" name="test_set_status_done_and_back" time="0.430" /><testcase classname="tests.test_iteration82_inbox_brain_refactor.TestInboxStatusMutation" name="test_set_status_bogus_400" time="0.217" /><testcase classname="tests.test_iteration82_inbox_brain_refactor.TestInboxStatusMutation" name="test_set_status_unknown_id_404" time="0.100" /><testcase classname="tests.test_iteration82_inbox_brain_refactor.TestInboxStatusMutation" name="test_set_status_cross_tenant_isolation" time="0.325" /><testcase classname="tests.test_iteration82_inbox_brain_refactor.TestInboxFilters" name="test_classification_filter" time="0.224" /><testcase classname="tests.test_iteration82_inbox_brain_refactor.TestInboxFilters" name="test_bogus_classification_ignored" time="0.177" /><testcase classname="tests.test_iteration82_inbox_brain_refactor.TestInboxFilters" name="test_status_filter_only_valid_values" time="0.503" /><testcase classname="tests.test_iteration82_inbox_brain_refactor.TestBrainRBAC" name="test_owner_finance_allowed" time="6.241" /><testcase classname="tests.test_iteration82_inbox_brain_refactor.TestImportBootSanity" name="test_models_inbox_importable" time="0.044" /><testcase classname="tests.test_iteration82_inbox_brain_refactor.TestImportBootSanity" name="test_routers_inbox_importable" time="0.126" /><testcase classname="tests.test_iteration82_inbox_brain_refactor.TestImportBootSanity" name="test_brain_dispatch_registry" time="1.387" /><testcase classname="tests.test_iteration82_inbox_brain_refactor.TestInboxRouterMount" name="test_list_inbox_reachable" time="0.105" /><testcase classname="tests.test_iteration82_inbox_brain_refactor.TestInboxRouterMount" name="test_list_inbox_unauth_401" time="0.108" /><testcase classname="tests.test_iteration82_inbox_brain_refactor.TestInboxWriter" name="test_writer_produced_items_visible" time="0.114" /><testcase classname="tests.test_iteration82_inbox_brain_refactor.TestComputeTasks" name="test_tasks_overdue" time="6.473" /><testcase classname="tests.test_iteration82_inbox_brain_refactor.TestBrainRBAC" name="test_sales_can_ask_own_domain" time="2.855" /><testcase classname="tests.test_iteration82_inbox_brain_refactor.TestComputeTasksCompletion" name="test_tasks_completion_kpis" time="7.522" /><testcase classname="tests.test_iteration82_inbox_brain_refactor.TestBrainRBAC" name="test_privileged_scope_on_completion_path" time="14.205" /><testcase classname="tests.test_iteration82_inbox_brain_refactor.TestComputeEmployees" name="test_employees_ranked" time="7.771" /><testcase classname="tests.test_iteration82_inbox_brain_refactor.TestComputeInvoices" name="test_invoices_unpaid" time="5.187" /><testcase classname="tests.test_iteration82_inbox_brain_refactor.TestComputePayments" name="test_payments_received" time="9.289" /><testcase classname="tests.test_iteration82_inbox_brain_refactor.TestComputeExpenses" name="test_expenses_this_month" time="5.897" /><testcase classname="tests.test_iteration82_inbox_brain_refactor.TestComputeContacts" name="test_contacts_customers" time="6.327" /><testcase classname="tests.test_iteration82_inbox_brain_refactor.TestComputeDecisions" name="test_decisions_recent" time="7.346" /><testcase classname="tests.test_iteration82_inbox_brain_refactor.TestComputeUnknownFallback" name="test_unroutable_query_does_not_error" time="6.451" /></testsuite></testsuites>