<?xml version="1.0" encoding="utf-8"?><testsuites name="pytest tests"><testsuite name="pytest" errors="0" failures="0" skipped="0" tests="18" time="16.014" timestamp="2026-07-02T19:58:55.190697+00:00" hostname="agent-env-07e7a341-a91d-4a74-a34e-2f86d2e35db8"><testcase classname="tests.test_ingest.TestIngestRoleGate" name="test_document_requires_auth" time="0.130" /><testcase classname="tests.test_ingest.TestIngestRoleGate" name="test_csv_requires_auth" time="0.162" /><testcase classname="tests.test_ingest.TestIngestRoleGate" name="test_production_forbidden_document" time="0.448" /><testcase classname="tests.test_ingest.TestIngestRoleGate" name="test_production_forbidden_csv" time="0.099" /><testcase classname="tests.test_ingest.TestIngestRoleGate" name="test_production_can_list_invoices" time="0.101" /><testcase classname="tests.test_ingest.TestIngestRoleGate" name="test_production_can_list_payments" time="0.099" /><testcase classname="tests.test_ingest.TestIngestDocument" name="test_upload_invoice_image_returns_review" time="7.654" /><testcase classname="tests.test_ingest.TestIngestDocument" name="test_reject_unsupported_extension" time="0.127" /><testcase classname="tests.test_ingest.TestIngestCSV" name="test_upload_customers_csv" time="4.770" /><testcase classname="tests.test_ingest.TestIngestCSV" name="test_reject_unsupported_spreadsheet" time="0.104" /><testcase classname="tests.test_ingest.TestIngestList" name="test_list_contains_new_ingests" time="0.094" /><testcase classname="tests.test_ingest.TestIngestList" name="test_get_ingestion_detail" time="0.132" /><testcase classname="tests.test_ingest.TestIngestList" name="test_get_missing_ingestion_404" time="0.104" /><testcase classname="tests.test_ingest.TestIngestCommit" name="test_commit_csv_creates_contacts" time="0.521" /><testcase classname="tests.test_ingest.TestIngestCommit" name="test_double_commit_rejected" time="0.214" /><testcase classname="tests.test_ingest.TestIngestCommit" name="test_commit_document_creates_invoice_and_task" time="0.455" /><testcase classname="tests.test_ingest.TestIngestIsolation" name="test_new_tenant_cannot_see_others_invoices" time="0.621" /><testcase classname="tests.test_ingest.TestWhatsAppWebhook" name="test_not_configured_when_no_token" time="0.106" /></testsuite></testsuites>