<?xml version="1.0" encoding="utf-8"?><testsuites name="pytest tests"><testsuite name="pytest" errors="0" failures="0" skipped="0" tests="24" time="17.396" timestamp="2026-07-02T21:02:37.662035+00:00" hostname="agent-env-07e7a341-a91d-4a74-a34e-2f86d2e35db8"><testcase classname="tests.test_iteration14.TestLimitedUserEnforcement" name="test_limited_forbidden_invoices" time="1.367" /><testcase classname="tests.test_iteration14.TestLimitedUserEnforcement" name="test_limited_forbidden_payments" time="0.100" /><testcase classname="tests.test_iteration14.TestLimitedUserEnforcement" name="test_limited_forbidden_ingest_csv" time="0.109" /><testcase classname="tests.test_iteration14.TestLimitedUserEnforcement" name="test_limited_forbidden_ingest_document" time="0.098" /><testcase classname="tests.test_iteration14.TestLimitedUserEnforcement" name="test_limited_forbidden_contact_profile" time="0.240" /><testcase classname="tests.test_iteration14.TestLimitedUserEnforcement" name="test_limited_forbidden_create_user" time="0.115" /><testcase classname="tests.test_iteration14.TestLimitedUserEnforcement" name="test_limited_forbidden_invites" time="0.100" /><testcase classname="tests.test_iteration14.TestLimitedUserEnforcement" name="test_limited_allowed_tasks" time="0.118" /><testcase classname="tests.test_iteration14.TestLimitedUserEnforcement" name="test_limited_allowed_inbox" time="0.098" /><testcase classname="tests.test_iteration14.TestLimitedUserEnforcement" name="test_limited_ask_money_restricted_message" time="5.832" /><testcase classname="tests.test_iteration14.TestRoleDefaultFallback" name="test_finance_role_default_can_list_invoices" time="0.475" /><testcase classname="tests.test_iteration14.TestRoleDefaultFallback" name="test_finance_role_default_can_open_contact_profile" time="0.435" /><testcase classname="tests.test_iteration14.TestRoleDefaultFallback" name="test_sales_role_default_can_ingest_csv" time="3.074" /><testcase classname="tests.test_iteration14.TestRoleDefaultFallback" name="test_production_role_default_forbidden_invoices" time="0.417" /><testcase classname="tests.test_iteration14.TestRoleDefaultFallback" name="test_production_role_default_forbidden_ingest" time="0.453" /><testcase classname="tests.test_iteration14.TestOwnerBypass" name="test_owner_invoices" time="0.102" /><testcase classname="tests.test_iteration14.TestOwnerBypass" name="test_owner_payments" time="0.098" /><testcase classname="tests.test_iteration14.TestOwnerBypass" name="test_owner_contact_profile" time="0.134" /><testcase classname="tests.test_iteration14.TestOwnerBypass" name="test_owner_ingest_csv" time="3.202" /><testcase classname="tests.test_iteration14.TestUserPatch" name="test_owner_can_patch_permissions" time="0.104" /><testcase classname="tests.test_iteration14.TestUserPatch" name="test_patch_owner_user_forbidden" time="0.108" /><testcase classname="tests.test_iteration14.TestUserPatch" name="test_patch_invalid_role" time="0.104" /><testcase classname="tests.test_iteration14.TestUserPatch" name="test_patch_without_team_manage_forbidden" time="0.095" /><testcase classname="tests.test_iteration14.TestPostUserCleansPerms" name="test_unknown_perm_keys_dropped" time="0.330" /></testsuite></testsuites>