<?xml version="1.0" encoding="utf-8"?><testsuites name="pytest tests"><testsuite name="pytest" errors="0" failures="0" skipped="0" tests="12" time="13.078" timestamp="2026-07-08T08:09:18.124951+00:00" hostname="agent-env-07e7a341-a91d-4a74-a34e-2f86d2e35db8"><testcase classname="tests.test_iteration19.TestMeetings" name="test_text_meeting_creates_tasks" time="7.334" /><testcase classname="tests.test_iteration19.TestCalendar" name="test_owner_sees_all_types" time="0.786" /><testcase classname="tests.test_iteration19.TestCalendar" name="test_sales_does_not_see_payment_due" time="0.528" /><testcase classname="tests.test_iteration19.TestCalendar" name="test_finance_sees_payment_due" time="0.452" /><testcase classname="tests.test_iteration19.TestOperatingScore" name="test_owner_full_response" time="0.111" /><testcase classname="tests.test_iteration19.TestOperatingScore" name="test_sales_hides_finance" time="0.099" /><testcase classname="tests.test_iteration19.TestOperatingScore" name="test_finance_role_can_see_money" time="0.102" /><testcase classname="tests.test_iteration19.TestContactRescore" name="test_pick_contact_and_rescore" time="9.912" /><testcase classname="tests.test_iteration19.TestMeetings" name="test_list_meetings" time="0.097" /><testcase classname="tests.test_iteration19.TestMeetings" name="test_meeting_not_found" time="0.099" /><testcase classname="tests.test_iteration19.TestContactRescore" name="test_sales_cannot_rescore" time="0.227" /><testcase classname="tests.test_iteration19.TestContactBirthday" name="test_create_contact_with_birthday" time="0.493" /></testsuite></testsuites>