<?xml version="1.0" encoding="utf-8"?><testsuites name="pytest tests"><testsuite name="pytest" errors="0" failures="0" skipped="0" tests="5" time="12.732" timestamp="2026-07-01T20:05:56.251671+00:00" hostname="agent-env-07e7a341-a91d-4a74-a34e-2f86d2e35db8"><testcase classname="tests.test_onboarding.TestOnboardingSuggest" name="test_public_no_auth_needed" time="5.553" /><testcase classname="tests.test_onboarding.TestOnboardingSuggest" name="test_tech_saas_returns_relevant_roles" time="4.904" /><testcase classname="tests.test_onboarding.TestRegisterOnboarding" name="test_register_with_custom_roles" time="1.294" /><testcase classname="tests.test_onboarding.TestRegisterOnboarding" name="test_register_owner_role_stripped" time="0.366" /><testcase classname="tests.test_onboarding.TestSharmaRegression" name="test_me_returns_industry_and_roles" time="0.536" /></testsuite></testsuites>