<?xml version="1.0" encoding="utf-8"?><testsuites name="pytest tests"><testsuite name="pytest" errors="0" failures="1" skipped="0" tests="27" time="19.536" timestamp="2026-07-01T19:05:49.282886+00:00" hostname="agent-env-07e7a341-a91d-4a74-a34e-2f86d2e35db8"><testcase classname="tests.backend_test.TestAuth" name="test_login_owner_returns_token_user" time="0.821" /><testcase classname="tests.backend_test.TestWorkflows" name="test_list_sales_dispatch" time="0.857" /><testcase classname="tests.backend_test.TestAuth" name="test_login_invalid" time="0.392" /><testcase classname="tests.backend_test.TestWorkflows" name="test_list_purchase_payment" time="0.355" /><testcase classname="tests.backend_test.TestWorkflows" name="test_create_workflow" time="0.392" /><testcase classname="tests.backend_test.TestWorkflows" name="test_advance_workflow" time="0.370" /><testcase classname="tests.backend_test.TestAuth" name="test_me_with_token" time="0.724" /><testcase classname="tests.backend_test.TestAuth" name="test_me_no_token" time="0.155" /><testcase classname="tests.backend_test.TestAuth" name="test_register_new_company" time="0.737" /><testcase classname="tests.backend_test.TestWorkflows" name="test_purchase_approve_gate_production_forbidden" time="0.979" /><testcase classname="tests.backend_test.TestDecisionApproval" name="test_reject_by_sales_forbidden" time="0.798" /><testcase classname="tests.backend_test.TestWorkflows" name="test_finance_cannot_approve_purchase" time="0.943" /><testcase classname="tests.backend_test.TestDecisionApproval" name="test_approve_by_owner_unblocks_tasks" time="0.320" /><testcase classname="tests.backend_test.TestTasks" name="test_list_tasks" time="0.160" /><testcase classname="tests.backend_test.TestDecisionApproval" name="test_reject_flow" time="9.371" /><testcase classname="tests.backend_test.TestTasks" name="test_mine_filter_sales" time="0.675" /><testcase classname="tests.backend_test.TestTasks" name="test_create_and_progress_task" time="0.478" /><testcase classname="tests.backend_test.TestDashboard" name="test_dashboard_shape" time="0.159"><failure message="assert False&#10; +  where False = any(&lt;generator object TestDashboard.test_dashboard_shape.&lt;locals&gt;.&lt;genexpr&gt; at 0xfac32de42c00&gt;)">backend/tests/backend_test.py:109: in test_dashboard_shape
    assert any("Hire" in d["title"] for d in data["pending_decisions"])
E   assert False
E    +  where False = any(&lt;generator object TestDashboard.test_dashboard_shape.&lt;locals&gt;.&lt;genexpr&gt; at 0xfac32de42c00&gt;)</failure></testcase><testcase classname="tests.backend_test.TestDashboard" name="test_dashboard_tenant_isolation" time="0.513" /><testcase classname="tests.backend_test.TestDigest" name="test_owner_mocked" time="0.167" /><testcase classname="tests.backend_test.TestDigest" name="test_non_owner_forbidden" time="0.156" /><testcase classname="tests.backend_test.TestVoiceNoteAI" name="test_text_directive_flow" time="9.147" /><testcase classname="tests.backend_test.TestTeam" name="test_list_users" time="0.160" /><testcase classname="tests.backend_test.TestTeam" name="test_add_user_owner" time="0.400" /><testcase classname="tests.backend_test.TestTeam" name="test_add_user_non_owner_forbidden" time="0.167" /><testcase classname="tests.backend_test.TestBrainSearch" name="test_search_matches_seeded" time="0.165" /><testcase classname="tests.backend_test.TestAskAI" name="test_ask_returns_answer" time="3.345" /></testsuite></testsuites>