<?xml version="1.0" encoding="utf-8"?><testsuites name="pytest tests"><testsuite name="pytest" errors="0" failures="0" skipped="0" tests="13" time="16.673" timestamp="2026-07-21T17:48:10.887256+00:00" hostname="agent-env-07e7a341-a91d-4a74-a34e-2f86d2e35db8"><testcase classname="tests.test_iteration59_operating_model.TestOperatingModelRBAC" name="test_sales_patch_forbidden" time="0.700" /><testcase classname="tests.test_iteration59_operating_model.TestOperatingModelRBAC" name="test_sales_regenerate_forbidden" time="0.114" /><testcase classname="tests.test_iteration59_operating_model.TestAuthMeOperatingModel" name="test_owner_me_returns_om" time="0.821" /><testcase classname="tests.test_iteration59_operating_model.TestAuthMeOperatingModel" name="test_owner_me_om_reflects_manufacturing" time="0.000" /><testcase classname="tests.test_iteration59_operating_model.TestAuthMeOperatingModel" name="test_salon_me_reflects_salon" time="0.553" /><testcase classname="tests.test_iteration59_operating_model.TestApprovalGate" name="test_non_owner_403_at_approval_stage_owner_ok" time="1.188" /><testcase classname="tests.test_iteration59_operating_model.TestOperatingModelRBAC" name="test_owner_patch_persists_then_restore" time="1.338" /><testcase classname="tests.test_iteration59_operating_model.TestOperatingModelRBAC" name="test_owner_regenerate_ok_then_restore" time="8.769" /><testcase classname="tests.test_iteration59_operating_model.TestApprovalGate" name="test_regression_advance_existing_purchase_payment_card" time="0.211" /><testcase classname="tests.test_iteration59_operating_model.TestAIDirectiveRoutingSalon" name="test_salon_directive_creates_appointment_and_procurement_and_tagged_tasks" time="13.352" /><testcase classname="tests.test_iteration59_operating_model.TestCreateWorkflow" name="test_invalid_type_400" time="0.107" /><testcase classname="tests.test_iteration59_operating_model.TestCreateWorkflow" name="test_valid_pipeline_creates_at_first_stage" time="0.354" /><testcase classname="tests.test_iteration59_operating_model.TestAIDirectiveRoutingSalon" name="test_zzz_cleanup_ai_directive_artifacts" time="0.208" /></testsuite></testsuites>