<?xml version="1.0" encoding="utf-8"?><testsuites name="pytest tests"><testsuite name="pytest" errors="0" failures="0" skipped="0" tests="38" time="22.694" timestamp="2026-07-01T19:26:24.421034+00:00" hostname="agent-env-07e7a341-a91d-4a74-a34e-2f86d2e35db8"><testcase classname="tests.backend_test.TestAuth" name="test_login_owner_returns_token_user" time="0.354" /><testcase classname="tests.backend_test.TestAuth" name="test_login_invalid" time="0.511" /><testcase classname="tests.backend_test.TestWorkflows" name="test_list_sales_dispatch" time="0.872" /><testcase classname="tests.backend_test.TestWorkflows" name="test_list_purchase_payment" time="0.324" /><testcase classname="tests.backend_test.TestWorkflows" name="test_create_workflow" time="0.117" /><testcase classname="tests.backend_test.TestAuth" name="test_me_with_token" time="0.437" /><testcase classname="tests.backend_test.TestAuth" name="test_me_no_token" time="0.109" /><testcase classname="tests.backend_test.TestWorkflows" name="test_advance_workflow" time="0.440" /><testcase classname="tests.backend_test.TestAuth" name="test_register_new_company" time="0.709" /><testcase classname="tests.backend_test.TestWorkflows" name="test_purchase_approve_gate_production_forbidden" time="0.714" /><testcase classname="tests.backend_test.TestEnrichmentShape" name="test_decisions_list_enriched" time="0.134" /><testcase classname="tests.backend_test.TestEnrichmentShape" name="test_tasks_list_assignee_name" time="0.112" /><testcase classname="tests.backend_test.TestEnrichmentShape" name="test_dashboard_enrichment" time="0.108" /><testcase classname="tests.backend_test.TestEnrichmentShape" name="test_brain_search_enrichment" time="0.318" /><testcase classname="tests.backend_test.TestWorkflows" name="test_finance_cannot_approve_purchase" time="0.544" /><testcase classname="tests.backend_test.TestVoiceNoteOwnerGate" name="test_text_directive_sales_forbidden" time="0.497" /><testcase classname="tests.backend_test.TestVoiceNoteOwnerGate" name="test_text_directive_production_forbidden" time="0.116" /><testcase classname="tests.backend_test.TestVoiceNoteOwnerGate" name="test_text_directive_finance_forbidden" time="0.118" /><testcase classname="tests.backend_test.TestVoiceNoteOwnerGate" name="test_voice_note_audio_sales_forbidden" time="0.097" /><testcase classname="tests.backend_test.TestTasks" name="test_list_tasks" time="0.112" /><testcase classname="tests.backend_test.TestTasks" name="test_mine_filter_sales" time="0.107" /><testcase classname="tests.backend_test.TestTasks" name="test_create_and_progress_task" time="0.303" /><testcase classname="tests.backend_test.TestWorkflowNextStageGuard" name="test_skip_stage_rejected" time="0.209" /><testcase classname="tests.backend_test.TestWorkflowNextStageGuard" name="test_next_stage_ok" time="1.187" /><testcase classname="tests.backend_test.TestWorkflowNextStageGuard" name="test_backward_stage_rejected" time="0.423" /><testcase classname="tests.backend_test.TestDecisionApproval" name="test_reject_by_sales_forbidden" time="3.297" /><testcase classname="tests.backend_test.TestDecisionApproval" name="test_approve_by_owner_unblocks_tasks" time="0.315" /><testcase classname="tests.backend_test.TestTeam" name="test_list_users" time="0.162" /><testcase classname="tests.backend_test.TestTeam" name="test_add_user_owner" time="0.369" /><testcase classname="tests.backend_test.TestDecisionApproval" name="test_reject_flow" time="7.137" /><testcase classname="tests.backend_test.TestTeam" name="test_add_user_non_owner_forbidden" time="0.170" /><testcase classname="tests.backend_test.TestDigest" name="test_owner_mocked" time="0.166" /><testcase classname="tests.backend_test.TestDigest" name="test_non_owner_forbidden" time="0.248" /><testcase classname="tests.backend_test.TestVoiceNoteAI" name="test_text_directive_flow" time="9.131" /><testcase classname="tests.backend_test.TestDashboard" name="test_dashboard_shape" time="0.163" /><testcase classname="tests.backend_test.TestDashboard" name="test_dashboard_tenant_isolation" time="0.569" /><testcase classname="tests.backend_test.TestBrainSearch" name="test_search_matches_seeded" time="0.161" /><testcase classname="tests.backend_test.TestAskAI" name="test_ask_returns_answer" time="5.516" /></testsuite></testsuites>