<?xml version="1.0" encoding="utf-8"?><testsuites name="pytest tests"><testsuite name="pytest" errors="0" failures="0" skipped="0" tests="38" time="32.687" timestamp="2026-07-02T19:59:17.978115+00:00" hostname="agent-env-07e7a341-a91d-4a74-a34e-2f86d2e35db8"><testcase classname="tests.backend_test.TestAuth" name="test_login_owner_returns_token_user" time="0.350" /><testcase classname="tests.backend_test.TestAuth" name="test_login_invalid" time="0.326" /><testcase classname="tests.backend_test.TestAuth" name="test_me_with_token" time="0.421" /><testcase classname="tests.backend_test.TestAuth" name="test_me_no_token" time="0.098" /><testcase classname="tests.backend_test.TestAuth" name="test_register_new_company" time="0.455" /><testcase classname="tests.backend_test.TestDashboard" name="test_dashboard_shape" time="0.118" /><testcase classname="tests.backend_test.TestDashboard" name="test_dashboard_tenant_isolation" time="0.484" /><testcase classname="tests.backend_test.TestVoiceNoteAI" name="test_text_directive_flow" time="10.865" /><testcase classname="tests.backend_test.TestDecisionApproval" name="test_reject_by_sales_forbidden" time="0.576" /><testcase classname="tests.backend_test.TestDecisionApproval" name="test_approve_by_owner_unblocks_tasks" time="0.100" /><testcase classname="tests.backend_test.TestDecisionApproval" name="test_reject_flow" time="6.631" /><testcase classname="tests.backend_test.TestTasks" name="test_list_tasks" time="0.121" /><testcase classname="tests.backend_test.TestTasks" name="test_mine_filter_sales" time="0.109" /><testcase classname="tests.backend_test.TestTasks" name="test_create_and_progress_task" time="0.321" /><testcase classname="tests.backend_test.TestWorkflows" name="test_list_sales_dispatch" time="0.098" /><testcase classname="tests.backend_test.TestWorkflows" name="test_list_purchase_payment" time="0.103" /><testcase classname="tests.backend_test.TestWorkflows" name="test_create_workflow" time="0.111" /><testcase classname="tests.backend_test.TestWorkflows" name="test_advance_workflow" time="0.251" /><testcase classname="tests.backend_test.TestWorkflows" name="test_purchase_approve_gate_production_forbidden" time="0.639" /><testcase classname="tests.backend_test.TestWorkflows" name="test_finance_cannot_approve_purchase" time="0.534" /><testcase classname="tests.backend_test.TestBrainSearch" name="test_search_matches_seeded" time="0.097" /><testcase classname="tests.backend_test.TestAskAI" name="test_ask_returns_answer" time="7.277" /><testcase classname="tests.backend_test.TestDigest" name="test_owner_mocked" time="0.136" /><testcase classname="tests.backend_test.TestDigest" name="test_non_owner_forbidden" time="0.114" /><testcase classname="tests.backend_test.TestEnrichmentShape" name="test_decisions_list_enriched" time="0.114" /><testcase classname="tests.backend_test.TestEnrichmentShape" name="test_tasks_list_assignee_name" time="0.121" /><testcase classname="tests.backend_test.TestEnrichmentShape" name="test_dashboard_enrichment" time="0.117" /><testcase classname="tests.backend_test.TestEnrichmentShape" name="test_brain_search_enrichment" time="0.126" /><testcase classname="tests.backend_test.TestVoiceNoteOwnerGate" name="test_text_directive_sales_forbidden" time="0.100" /><testcase classname="tests.backend_test.TestVoiceNoteOwnerGate" name="test_text_directive_production_forbidden" time="0.096" /><testcase classname="tests.backend_test.TestVoiceNoteOwnerGate" name="test_text_directive_finance_forbidden" time="0.108" /><testcase classname="tests.backend_test.TestVoiceNoteOwnerGate" name="test_voice_note_audio_sales_forbidden" time="0.094" /><testcase classname="tests.backend_test.TestWorkflowNextStageGuard" name="test_skip_stage_rejected" time="0.205" /><testcase classname="tests.backend_test.TestWorkflowNextStageGuard" name="test_next_stage_ok" time="0.321" /><testcase classname="tests.backend_test.TestWorkflowNextStageGuard" name="test_backward_stage_rejected" time="0.336" /><testcase classname="tests.backend_test.TestTeam" name="test_list_users" time="0.108" /><testcase classname="tests.backend_test.TestTeam" name="test_add_user_owner" time="0.324" /><testcase classname="tests.backend_test.TestTeam" name="test_add_user_non_owner_forbidden" time="0.099" /></testsuite></testsuites>